0x7fffffffdd40:	0x004004c0	0x00000000	0xffffdde0	0x00007fff
0x7fffffffdd50:	0x00000000	0x00000000	0x00000000	0x00000000
0x7fffffffdd60:	0x80b72d86	0xaf31f14c	0x95472d86	0xaf31e1f6
0x7fffffffdd70:	0x00000000	0x00007fff	0x00000000	0x00000000
0x7fffffffdd80:	0x00000000	0x00000000	0x00400630	0x00000000
0x7fffffffdd90:	0xf7de7ab0	0x00007fff	0xf7de77cb	0x00007fff
0x7fffffffdda0:	0x00000000	0x00000000	0x00000000	0x00000000
0x7fffffffddb0:	0x004004c0	0x00000000	0xffffdde0	0x00007fff
0x7fffffffddc0:	0x00000000	0x00000000	0x004004e9	0x00000000
Breakpoint 1 at 0x401f01
SIGTRAP is used by the debugger.
Are you sure you want to change it? (y or n) [answered Y; input not from terminal]

Program received signal SIGSEGV, Segmentation fault.
0x0000000000401ede in apply_code ()
1: x/i $pc
=> 0x401ede <apply_code+46>:	mov    0xa,%r10
2: /x $rax = 0x2
3: /x $rbx = 0x9
4: /x $rcx = 0x9
5: /x $rdx = 0x605590
6: /x $rdi = 0x0
7: /x $rsi = 0x6055a0
8: /x $rbp = 0x7fffffffdcd0
9: /x $rsp = 0x7fffffffdcd0
10: $eflags = [ PF ZF IF RF ]
11: /x $r8 = 0x605000
12: /x $r9 = 0xd
13: /x $r10 = 0x604761
14: /x $r11 = 0x0
15: /x $r12 = 0x4004c0
16: /x $r13 = 0x7fffffffdde0
17: /x $r14 = 0x0
18: /x $r15 = 0x0
0x7fffffffdcd0:	0xffffdd00	0x00007fff	0x004032d1	0x00000000
0x7fffffffdce0:	0x00000001	0x00000000	0x00000002	0x00000000
0x7fffffffdcf0:	0x006045b1	0x00000000	0x00604761	0x00000000
0x7fffffffdd00:	0xffffdd08	0x00007fff	0xf7a2d830	0x00007fff
0x7fffffffdd10:	0x00000000	0x00000000	0xffffdde8	0x00007fff
0x7fffffffdd20:	0xf7ffcca0	0x00000001	0x00400684	0x00000000
0x7fffffffdd30:	0x00000000	0x00000000	0xdb3bf35c	0x84a64fed
0x7fffffffdd40:	0x004004c0	0x00000000	0xffffdde0	0x00007fff
0x7fffffffdd50:	0x00000000	0x00000000	0x00000000	0x00000000
0x7fffffffdd60:	0x6a9bf35c	0x7b59b092	0x7f6bf35c	0x7b59a028
0x7fffffffdd70:	0x00000000	0x00007fff	0x00000000	0x00000000
0x7fffffffdd80:	0x00000000	0x00000000	0x00400630	0x00000000
0x7fffffffdd90:	0xf7de7ab0	0x00007fff	0xf7de77cb	0x00007fff
0x7fffffffdda0:	0x00000000	0x00000000	0x00000000	0x00000000
0x7fffffffddb0:	0x004004c0	0x00000000	0xffffdde0	0x00007fff
0x7fffffffddc0:	0x00000000	0x00000000	0x004004e9	0x00000000
Breakpoint 1 at 0x401eb4
SIGTRAP is used by the debugger.
Are you sure you want to change it? (y or n) [answered Y; input not from terminal]

Breakpoint 1, 0x0000000000401eb4 in apply_code ()
1: x/i $pc
=> 0x401eb4 <apply_code+4>:	mov    0x18(%rbp),%rax
2: /x $rax = 0x604591
3: /x $rbx = 0x1
4: /x $rcx = 0x9
5: /x $rdx = 0x605590
6: /x $rdi = 0x0
7: /x $rsi = 0x6055a0
8: /x $rbp = 0x7fffffffdcd0
9: /x $rsp = 0x7fffffffdcd0
10: $eflags = [ IF ]
11: /x $r8 = 0x605000
12: /x $r9 = 0xd
13: /x $r10 = 0x401eb0
14: /x $r11 = 0x0
15: /x $r12 = 0x4004c0
16: /x $r13 = 0x7fffffffdde0
17: /x $r14 = 0x0
18: /x $r15 = 0x0
0x7fffffffdcd0:	0xffffdd00	0x00007fff	0x004032d1	0x00000000
0x7fffffffdce0:	0x00000001	0x00000000	0x00000002	0x00000000
0x7fffffffdcf0:	0x006045b1	0x00000000	0x00604761	0x00000000
0x7fffffffdd00:	0xffffdd08	0x00007fff	0xf7a2d830	0x00007fff
0x7fffffffdd10:	0x00000000	0x00000000	0xffffdde8	0x00007fff
0x7fffffffdd20:	0xf7ffcca0	0x00000001	0x00400684	0x00000000
0x7fffffffdd30:	0x00000000	0x00000000	0x1d6b2840	0x8b251af2
0x7fffffffdd40:	0x004004c0	0x00000000	0xffffdde0	0x00007fff
0x7fffffffdd50:	0x00000000	0x00000000	0x00000000	0x00000000
0x7fffffffdd60:	0xaccb2840	0x74dae58d	0xb93b2840	0x74daf537
0x7fffffffdd70:	0x00000000	0x00007fff	0x00000000	0x00000000
0x7fffffffdd80:	0x00000000	0x00000000	0x00400630	0x00000000
0x7fffffffdd90:	0xf7de7ab0	0x00007fff	0xf7de77cb	0x00007fff
0x7fffffffdda0:	0x00000000	0x00000000	0x00000000	0x00000000
0x7fffffffddb0:	0x004004c0	0x00000000	0xffffdde0	0x00007fff
0x7fffffffddc0:	0x00000000	0x00000000	0x004004e9	0x00000000
0x0000000000401eb8 in apply_code ()
1: x/i $pc
=> 0x401eb8 <apply_code+8>:	cmp    $0x2,%rax
2: /x $rax = 0x2
3: /x $rbx = 0x1
4: /x $rcx = 0x9
5: /x $rdx = 0x605590
6: /x $rdi = 0x0
7: /x $rsi = 0x6055a0
8: /x $rbp = 0x7fffffffdcd0
9: /x $rsp = 0x7fffffffdcd0
10: $eflags = [ IF ]
11: /x $r8 = 0x605000
12: /x $r9 = 0xd
13: /x $r10 = 0x401eb0
14: /x $r11 = 0x0
15: /x $r12 = 0x4004c0
16: /x $r13 = 0x7fffffffdde0
17: /x $r14 = 0x0
18: /x $r15 = 0x0
0x7fffffffdcd0:	0xffffdd00	0x00007fff	0x004032d1	0x00000000
0x7fffffffdce0:	0x00000001	0x00000000	0x00000002	0x00000000
0x7fffffffdcf0:	0x006045b1	0x00000000	0x00604761	0x00000000
0x7fffffffdd00:	0xffffdd08	0x00007fff	0xf7a2d830	0x00007fff
0x0000000000401ebc in apply_code ()
1: x/i $pc
=> 0x401ebc <apply_code+12>:	jne    0x401fbd <badInput101>
2: /x $rax = 0x2
3: /x $rbx = 0x1
4: /x $rcx = 0x9
5: /x $rdx = 0x605590
6: /x $rdi = 0x0
7: /x $rsi = 0x6055a0
8: /x $rbp = 0x7fffffffdcd0
9: /x $rsp = 0x7fffffffdcd0
10: $eflags = [ PF ZF IF ]
11: /x $r8 = 0x605000
12: /x $r9 = 0xd
13: /x $r10 = 0x401eb0
14: /x $r11 = 0x0
15: /x $r12 = 0x4004c0
16: /x $r13 = 0x7fffffffdde0
17: /x $r14 = 0x0
18: /x $r15 = 0x0
0x7fffffffdcd0:	0xffffdd00	0x00007fff	0x004032d1	0x00000000
0x7fffffffdce0:	0x00000001	0x00000000	0x00000002	0x00000000
0x7fffffffdcf0:	0x006045b1	0x00000000	0x00604761	0x00000000
0x7fffffffdd00:	0xffffdd08	0x00007fff	0xf7a2d830	0x00007fff
0x0000000000401ec2 in apply_code ()
1: x/i $pc
=> 0x401ec2 <apply_code+18>:	mov    0x20(%rbp),%r10
2: /x $rax = 0x2
3: /x $rbx = 0x1
4: /x $rcx = 0x9
5: /x $rdx = 0x605590
6: /x $rdi = 0x0
7: /x $rsi = 0x6055a0
8: /x $rbp = 0x7fffffffdcd0
9: /x $rsp = 0x7fffffffdcd0
10: $eflags = [ PF ZF IF ]
11: /x $r8 = 0x605000
12: /x $r9 = 0xd
13: /x $r10 = 0x401eb0
14: /x $r11 = 0x0
15: /x $r12 = 0x4004c0
16: /x $r13 = 0x7fffffffdde0
17: /x $r14 = 0x0
18: /x $r15 = 0x0
0x7fffffffdcd0:	0xffffdd00	0x00007fff	0x004032d1	0x00000000
0x7fffffffdce0:	0x00000001	0x00000000	0x00000002	0x00000000
0x7fffffffdcf0:	0x006045b1	0x00000000	0x00604761	0x00000000
0x7fffffffdd00:	0xffffdd08	0x00007fff	0xf7a2d830	0x00007fff
0x0000000000401ec6 in apply_code ()
1: x/i $pc
=> 0x401ec6 <apply_code+22>:	mov    (%r10),%r10
2: /x $rax = 0x2
3: /x $rbx = 0x1
4: /x $rcx = 0x9
5: /x $rdx = 0x605590
6: /x $rdi = 0x0
7: /x $rsi = 0x6055a0
8: /x $rbp = 0x7fffffffdcd0
9: /x $rsp = 0x7fffffffdcd0
10: $eflags = [ PF ZF IF ]
11: /x $r8 = 0x605000
12: /x $r9 = 0xd
13: /x $r10 = 0x6045b1
14: /x $r11 = 0x0
15: /x $r12 = 0x4004c0
16: /x $r13 = 0x7fffffffdde0
17: /x $r14 = 0x0
18: /x $r15 = 0x0
0x7fffffffdcd0:	0xffffdd00	0x00007fff	0x004032d1	0x00000000
0x7fffffffdce0:	0x00000001	0x00000000	0x00000002	0x00000000
0x7fffffffdcf0:	0x006045b1	0x00000000	0x00604761	0x00000000
0x7fffffffdd00:	0xffffdd08	0x00007fff	0xf7a2d830	0x00007fff
0x0000000000401ec9 in apply_code ()
1: x/i $pc
=> 0x401ec9 <apply_code+25>:	mov    %r10,%rbx
2: /x $rax = 0x2
3: /x $rbx = 0x1
4: /x $rcx = 0x9
5: /x $rdx = 0x605590
6: /x $rdi = 0x0
7: /x $rsi = 0x6055a0
8: /x $rbp = 0x7fffffffdcd0
9: /x $rsp = 0x7fffffffdcd0
10: $eflags = [ PF ZF IF ]
11: /x $r8 = 0x605000
12: /x $r9 = 0xd
13: /x $r10 = 0xfe7eff0400012189
14: /x $r11 = 0x0
15: /x $r12 = 0x4004c0
16: /x $r13 = 0x7fffffffdde0
17: /x $r14 = 0x0
18: /x $r15 = 0x0
0x7fffffffdcd0:	0xffffdd00	0x00007fff	0x004032d1	0x00000000
0x7fffffffdce0:	0x00000001	0x00000000	0x00000002	0x00000000
0x7fffffffdcf0:	0x006045b1	0x00000000	0x00604761	0x00000000
0x7fffffffdd00:	0xffffdd08	0x00007fff	0xf7a2d830	0x00007fff
0x0000000000401ecc in apply_code ()
1: x/i $pc
=> 0x401ecc <apply_code+28>:	and    $0xf,%rbx
2: /x $rax = 0x2
3: /x $rbx = 0xfe7eff0400012189
4: /x $rcx = 0x9
5: /x $rdx = 0x605590
6: /x $rdi = 0x0
7: /x $rsi = 0x6055a0
8: /x $rbp = 0x7fffffffdcd0
9: /x $rsp = 0x7fffffffdcd0
10: $eflags = [ PF ZF IF ]
11: /x $r8 = 0x605000
12: /x $r9 = 0xd
13: /x $r10 = 0xfe7eff0400012189
14: /x $r11 = 0x0
15: /x $r12 = 0x4004c0
16: /x $r13 = 0x7fffffffdde0
17: /x $r14 = 0x0
18: /x $r15 = 0x0
0x0000000000401ed0 in apply_code ()
1: x/i $pc
=> 0x401ed0 <apply_code+32>:	cmp    $0x9,%rbx
2: /x $rax = 0x2
3: /x $rbx = 0x9
4: /x $rcx = 0x9
5: /x $rdx = 0x605590
6: /x $rdi = 0x0
7: /x $rsi = 0x6055a0
8: /x $rbp = 0x7fffffffdcd0
9: /x $rsp = 0x7fffffffdcd0
10: $eflags = [ PF IF ]
11: /x $r8 = 0x605000
12: /x $r9 = 0xd
13: /x $r10 = 0xfe7eff0400012189
14: /x $r11 = 0x0
15: /x $r12 = 0x4004c0
16: /x $r13 = 0x7fffffffdde0
17: /x $r14 = 0x0
18: /x $r15 = 0x0
0x7fffffffdcd0:	0xffffdd00	0x00007fff	0x004032d1	0x00000000
0x7fffffffdce0:	0x00000001	0x00000000	0x00000002	0x00000000
0x7fffffffdcf0:	0x006045b1	0x00000000	0x00604761	0x00000000
0x7fffffffdd00:	0xffffdd08	0x00007fff	0xf7a2d830	0x00007fff
0x0000000000401ed4 in apply_code ()
1: x/i $pc
=> 0x401ed4 <apply_code+36>:	jne    0x401fbd <badInput101>
2: /x $rax = 0x2
3: /x $rbx = 0x9
4: /x $rcx = 0x9
5: /x $rdx = 0x605590
6: /x $rdi = 0x0
7: /x $rsi = 0x6055a0
8: /x $rbp = 0x7fffffffdcd0
9: /x $rsp = 0x7fffffffdcd0
10: $eflags = [ PF ZF IF ]
11: /x $r8 = 0x605000
12: /x $r9 = 0xd
13: /x $r10 = 0xfe7eff0400012189
14: /x $r11 = 0x0
15: /x $r12 = 0x4004c0
16: /x $r13 = 0x7fffffffdde0
17: /x $r14 = 0x0
18: /x $r15 = 0x0
0x7fffffffdcd0:	0xffffdd00	0x00007fff	0x004032d1	0x00000000
0x7fffffffdce0:	0x00000001	0x00000000	0x00000002	0x00000000
0x7fffffffdcf0:	0x006045b1	0x00000000	0x00604761	0x00000000
0x7fffffffdd00:	0xffffdd08	0x00007fff	0xf7a2d830	0x00007fff
0x0000000000401eda in apply_code ()
1: x/i $pc
=> 0x401eda <apply_code+42>:	mov    0x28(%rbp),%r10
2: /x $rax = 0x2
3: /x $rbx = 0x9
4: /x $rcx = 0x9
5: /x $rdx = 0x605590
6: /x $rdi = 0x0
7: /x $rsi = 0x6055a0
8: /x $rbp = 0x7fffffffdcd0
9: /x $rsp = 0x7fffffffdcd0
10: $eflags = [ PF ZF IF ]
11: /x $r8 = 0x605000
12: /x $r9 = 0xd
13: /x $r10 = 0xfe7eff0400012189
14: /x $r11 = 0x0
15: /x $r12 = 0x4004c0
16: /x $r13 = 0x7fffffffdde0
17: /x $r14 = 0x0
18: /x $r15 = 0x0
0x7fffffffdcd0:	0xffffdd00	0x00007fff	0x004032d1	0x00000000
0x7fffffffdce0:	0x00000001	0x00000000	0x00000002	0x00000000
0x7fffffffdcf0:	0x006045b1	0x00000000	0x00604761	0x00000000
0x7fffffffdd00:	0xffffdd08	0x00007fff	0xf7a2d830	0x00007fff
0x0000000000401ede in apply_code ()
1: x/i $pc
=> 0x401ede <apply_code+46>:	mov    0xa,%r10
2: /x $rax = 0x2
3: /x $rbx = 0x9
4: /x $rcx = 0x9
5: /x $rdx = 0x605590
6: /x $rdi = 0x0
7: /x $rsi = 0x6055a0
8: /x $rbp = 0x7fffffffdcd0
9: /x $rsp = 0x7fffffffdcd0
10: $eflags = [ PF ZF IF ]
11: /x $r8 = 0x605000
12: /x $r9 = 0xd
13: /x $r10 = 0x604761
14: /x $r11 = 0x0
15: /x $r12 = 0x4004c0
16: /x $r13 = 0x7fffffffdde0
17: /x $r14 = 0x0
18: /x $r15 = 0x0
0x7fffffffdcd0:	0xffffdd00	0x00007fff	0x004032d1	0x00000000
0x7fffffffdce0:	0x00000001	0x00000000	0x00000002	0x00000000
0x7fffffffdcf0:	0x006045b1	0x00000000	0x00604761	0x00000000
0x7fffffffdd00:	0xffffdd08	0x00007fff	0xf7a2d830	0x00007fff
0x7fffffffdd10:	0x00000000	0x00000000	0xffffdde8	0x00007fff
0x7fffffffdd20:	0xf7ffcca0	0x00000001	0x00400684	0x00000000
0x7fffffffdd30:	0x00000000	0x00000000	0x1d6b2840	0x8b251af2
0x7fffffffdd40:	0x004004c0	0x00000000	0xffffdde0	0x00007fff
Breakpoint 1 at 0x401eb4
SIGTRAP is used by the debugger.
Are you sure you want to change it? (y or n) [answered Y; input not from terminal]

Breakpoint 1, 0x0000000000401eb4 in apply_code ()
1: x/i $pc
=> 0x401eb4 <apply_code+4>:	mov    0x18(%rbp),%rax
2: /x $rax = 0x604591
3: /x $rbx = 0x1
4: /x $rcx = 0x9
5: /x $rdx = 0x605590
6: /x $rdi = 0x0
7: /x $rsi = 0x6055a0
8: /x $rbp = 0x7fffffffdcd0
9: /x $rsp = 0x7fffffffdcd0
10: $eflags = [ IF ]
11: /x $r8 = 0x605000
12: /x $r9 = 0xd
13: /x $r10 = 0x401eb0
14: /x $r11 = 0x0
15: /x $r12 = 0x4004c0
16: /x $r13 = 0x7fffffffdde0
17: /x $r14 = 0x0
18: /x $r15 = 0x0
0x7fffffffdcd0:	0xffffdd00	0x00007fff	0x004032cc	0x00000000
0x7fffffffdce0:	0x00000001	0x00000000	0x00000002	0x00000000
0x7fffffffdcf0:	0x006045b1	0x00000000	0x00604761	0x00000000
0x7fffffffdd00:	0xffffdd08	0x00007fff	0xf7a2d830	0x00007fff
0x7fffffffdd10:	0x00000000	0x00000000	0xffffdde8	0x00007fff
0x7fffffffdd20:	0xf7ffcca0	0x00000001	0x00400684	0x00000000
0x7fffffffdd30:	0x00000000	0x00000000	0x32147f02	0x91591323
0x7fffffffdd40:	0x004004c0	0x00000000	0xffffdde0	0x00007fff
0x7fffffffdd50:	0x00000000	0x00000000	0x00000000	0x00000000
0x7fffffffdd60:	0x83b47f02	0x6ea6ec5c	0x96447f02	0x6ea6fce6
0x7fffffffdd70:	0x00000000	0x00007fff	0x00000000	0x00000000
0x7fffffffdd80:	0x00000000	0x00000000	0x00400630	0x00000000
0x7fffffffdd90:	0xf7de7ab0	0x00007fff	0xf7de77cb	0x00007fff
0x7fffffffdda0:	0x00000000	0x00000000	0x00000000	0x00000000
0x7fffffffddb0:	0x004004c0	0x00000000	0xffffdde0	0x00007fff
0x7fffffffddc0:	0x00000000	0x00000000	0x004004e9	0x00000000
0x0000000000401eb8 in apply_code ()
1: x/i $pc
=> 0x401eb8 <apply_code+8>:	cmp    $0x2,%rax
2: /x $rax = 0x2
3: /x $rbx = 0x1
4: /x $rcx = 0x9
5: /x $rdx = 0x605590
6: /x $rdi = 0x0
7: /x $rsi = 0x6055a0
8: /x $rbp = 0x7fffffffdcd0
9: /x $rsp = 0x7fffffffdcd0
10: $eflags = [ IF ]
11: /x $r8 = 0x605000
12: /x $r9 = 0xd
13: /x $r10 = 0x401eb0
14: /x $r11 = 0x0
15: /x $r12 = 0x4004c0
16: /x $r13 = 0x7fffffffdde0
17: /x $r14 = 0x0
18: /x $r15 = 0x0
0x0000000000401ebc in apply_code ()
1: x/i $pc
=> 0x401ebc <apply_code+12>:	jne    0x401fb8 <badInput101>
2: /x $rax = 0x2
3: /x $rbx = 0x1
4: /x $rcx = 0x9
5: /x $rdx = 0x605590
6: /x $rdi = 0x0
7: /x $rsi = 0x6055a0
8: /x $rbp = 0x7fffffffdcd0
9: /x $rsp = 0x7fffffffdcd0
10: $eflags = [ PF ZF IF ]
11: /x $r8 = 0x605000
12: /x $r9 = 0xd
13: /x $r10 = 0x401eb0
14: /x $r11 = 0x0
15: /x $r12 = 0x4004c0
16: /x $r13 = 0x7fffffffdde0
17: /x $r14 = 0x0
18: /x $r15 = 0x0
0x0000000000401ec2 in apply_code ()
1: x/i $pc
=> 0x401ec2 <apply_code+18>:	mov    0x20(%rbp),%r10
2: /x $rax = 0x2
3: /x $rbx = 0x1
4: /x $rcx = 0x9
5: /x $rdx = 0x605590
6: /x $rdi = 0x0
7: /x $rsi = 0x6055a0
8: /x $rbp = 0x7fffffffdcd0
9: /x $rsp = 0x7fffffffdcd0
10: $eflags = [ PF ZF IF ]
11: /x $r8 = 0x605000
12: /x $r9 = 0xd
13: /x $r10 = 0x401eb0
14: /x $r11 = 0x0
15: /x $r12 = 0x4004c0
16: /x $r13 = 0x7fffffffdde0
17: /x $r14 = 0x0
18: /x $r15 = 0x0
0x0000000000401ec6 in apply_code ()
1: x/i $pc
=> 0x401ec6 <apply_code+22>:	mov    (%r10),%r10
2: /x $rax = 0x2
3: /x $rbx = 0x1
4: /x $rcx = 0x9
5: /x $rdx = 0x605590
6: /x $rdi = 0x0
7: /x $rsi = 0x6055a0
8: /x $rbp = 0x7fffffffdcd0
9: /x $rsp = 0x7fffffffdcd0
10: $eflags = [ PF ZF IF ]
11: /x $r8 = 0x605000
12: /x $r9 = 0xd
13: /x $r10 = 0x6045b1
14: /x $r11 = 0x0
15: /x $r12 = 0x4004c0
16: /x $r13 = 0x7fffffffdde0
17: /x $r14 = 0x0
18: /x $r15 = 0x0
0x0000000000401ec9 in apply_code ()
1: x/i $pc
=> 0x401ec9 <apply_code+25>:	mov    %r10,%rbx
2: /x $rax = 0x2
3: /x $rbx = 0x1
4: /x $rcx = 0x9
5: /x $rdx = 0x605590
6: /x $rdi = 0x0
7: /x $rsi = 0x6055a0
8: /x $rbp = 0x7fffffffdcd0
9: /x $rsp = 0x7fffffffdcd0
10: $eflags = [ PF ZF IF ]
11: /x $r8 = 0x605000
12: /x $r9 = 0xd
13: /x $r10 = 0xfe7eff0400012189
14: /x $r11 = 0x0
15: /x $r12 = 0x4004c0
16: /x $r13 = 0x7fffffffdde0
17: /x $r14 = 0x0
18: /x $r15 = 0x0
0x0000000000401ecc in apply_code ()
1: x/i $pc
=> 0x401ecc <apply_code+28>:	and    $0xf,%rbx
2: /x $rax = 0x2
3: /x $rbx = 0xfe7eff0400012189
4: /x $rcx = 0x9
5: /x $rdx = 0x605590
6: /x $rdi = 0x0
7: /x $rsi = 0x6055a0
8: /x $rbp = 0x7fffffffdcd0
9: /x $rsp = 0x7fffffffdcd0
10: $eflags = [ PF ZF IF ]
11: /x $r8 = 0x605000
12: /x $r9 = 0xd
13: /x $r10 = 0xfe7eff0400012189
14: /x $r11 = 0x0
15: /x $r12 = 0x4004c0
16: /x $r13 = 0x7fffffffdde0
17: /x $r14 = 0x0
18: /x $r15 = 0x0
0x0000000000401ed0 in apply_code ()
1: x/i $pc
=> 0x401ed0 <apply_code+32>:	cmp    $0x9,%rbx
2: /x $rax = 0x2
3: /x $rbx = 0x9
4: /x $rcx = 0x9
5: /x $rdx = 0x605590
6: /x $rdi = 0x0
7: /x $rsi = 0x6055a0
8: /x $rbp = 0x7fffffffdcd0
9: /x $rsp = 0x7fffffffdcd0
10: $eflags = [ PF IF ]
11: /x $r8 = 0x605000
12: /x $r9 = 0xd
13: /x $r10 = 0xfe7eff0400012189
14: /x $r11 = 0x0
15: /x $r12 = 0x4004c0
16: /x $r13 = 0x7fffffffdde0
17: /x $r14 = 0x0
18: /x $r15 = 0x0
0x0000000000401ed4 in apply_code ()
1: x/i $pc
=> 0x401ed4 <apply_code+36>:	jne    0x401fb8 <badInput101>
2: /x $rax = 0x2
3: /x $rbx = 0x9
4: /x $rcx = 0x9
5: /x $rdx = 0x605590
6: /x $rdi = 0x0
7: /x $rsi = 0x6055a0
8: /x $rbp = 0x7fffffffdcd0
9: /x $rsp = 0x7fffffffdcd0
10: $eflags = [ PF ZF IF ]
11: /x $r8 = 0x605000
12: /x $r9 = 0xd
13: /x $r10 = 0xfe7eff0400012189
14: /x $r11 = 0x0
15: /x $r12 = 0x4004c0
16: /x $r13 = 0x7fffffffdde0
17: /x $r14 = 0x0
18: /x $r15 = 0x0
0x0000000000401eda in apply_code ()
1: x/i $pc
=> 0x401eda <apply_code+42>:	mov    0x28(%rbp),%r10
2: /x $rax = 0x2
3: /x $rbx = 0x9
4: /x $rcx = 0x9
5: /x $rdx = 0x605590
6: /x $rdi = 0x0
7: /x $rsi = 0x6055a0
8: /x $rbp = 0x7fffffffdcd0
9: /x $rsp = 0x7fffffffdcd0
10: $eflags = [ PF ZF IF ]
11: /x $r8 = 0x605000
12: /x $r9 = 0xd
13: /x $r10 = 0xfe7eff0400012189
14: /x $r11 = 0x0
15: /x $r12 = 0x4004c0
16: /x $r13 = 0x7fffffffdde0
17: /x $r14 = 0x0
18: /x $r15 = 0x0
0x0000000000401ede in apply_code ()
1: x/i $pc
=> 0x401ede <apply_code+46>:	mov    (%r10),%r10
2: /x $rax = 0x2
3: /x $rbx = 0x9
4: /x $rcx = 0x9
5: /x $rdx = 0x605590
6: /x $rdi = 0x0
7: /x $rsi = 0x6055a0
8: /x $rbp = 0x7fffffffdcd0
9: /x $rsp = 0x7fffffffdcd0
10: $eflags = [ PF ZF IF ]
11: /x $r8 = 0x605000
12: /x $r9 = 0xd
13: /x $r10 = 0x604761
14: /x $r11 = 0x0
15: /x $r12 = 0x4004c0
16: /x $r13 = 0x7fffffffdde0
17: /x $r14 = 0x0
18: /x $r15 = 0x0
0x7fffffffdcd0:	0xffffdd00	0x00007fff	0x004032cc	0x00000000
0x7fffffffdce0:	0x00000001	0x00000000	0x00000002	0x00000000
0x7fffffffdcf0:	0x006045b1	0x00000000	0x00604761	0x00000000
0x7fffffffdd00:	0xffffdd08	0x00007fff	0xf7a2d830	0x00007fff
0x0000000000401ee1 in apply_code ()
1: x/i $pc
=> 0x401ee1 <apply_code+49>:	mov    %r10,%rbx
2: /x $rax = 0x2
3: /x $rbx = 0x9
4: /x $rcx = 0x9
5: /x $rdx = 0x605590
6: /x $rdi = 0x0
7: /x $rsi = 0x6055a0
8: /x $rbp = 0x7fffffffdcd0
9: /x $rsp = 0x7fffffffdcd0
10: $eflags = [ PF ZF IF ]
11: /x $r8 = 0x605000
12: /x $r9 = 0xd
13: /x $r10 = 0x1be40000701a
14: /x $r11 = 0x0
15: /x $r12 = 0x4004c0
16: /x $r13 = 0x7fffffffdde0
17: /x $r14 = 0x0
18: /x $r15 = 0x0
0x0000000000401ee4 in apply_code ()
1: x/i $pc
=> 0x401ee4 <apply_code+52>:	and    $0xf,%rbx
2: /x $rax = 0x2
3: /x $rbx = 0x1be40000701a
4: /x $rcx = 0x9
5: /x $rdx = 0x605590
6: /x $rdi = 0x0
7: /x $rsi = 0x6055a0
8: /x $rbp = 0x7fffffffdcd0
9: /x $rsp = 0x7fffffffdcd0
10: $eflags = [ PF ZF IF ]
11: /x $r8 = 0x605000
12: /x $r9 = 0xd
13: /x $r10 = 0x1be40000701a
14: /x $r11 = 0x0
15: /x $r12 = 0x4004c0
16: /x $r13 = 0x7fffffffdde0
17: /x $r14 = 0x0
18: /x $r15 = 0x0
0x0000000000401ee8 in apply_code ()
1: x/i $pc
=> 0x401ee8 <apply_code+56>:	cmp    $0xa,%rbx
2: /x $rax = 0x2
3: /x $rbx = 0xa
4: /x $rcx = 0x9
5: /x $rdx = 0x605590
6: /x $rdi = 0x0
7: /x $rsi = 0x6055a0
8: /x $rbp = 0x7fffffffdcd0
9: /x $rsp = 0x7fffffffdcd0
10: $eflags = [ PF IF ]
11: /x $r8 = 0x605000
12: /x $r9 = 0xd
13: /x $r10 = 0x1be40000701a
14: /x $r11 = 0x0
15: /x $r12 = 0x4004c0
16: /x $r13 = 0x7fffffffdde0
17: /x $r14 = 0x0
18: /x $r15 = 0x0
0x7fffffffdcd0:	0xffffdd00	0x00007fff	0x004032cc	0x00000000
0x7fffffffdce0:	0x00000001	0x00000000	0x00000002	0x00000000
0x7fffffffdcf0:	0x006045b1	0x00000000	0x00604761	0x00000000
0x7fffffffdd00:	0xffffdd08	0x00007fff	0xf7a2d830	0x00007fff
0x0000000000401eec in apply_code ()
1: x/i $pc
=> 0x401eec <apply_code+60>:	jne    0x401fb8 <badInput101>
2: /x $rax = 0x2
3: /x $rbx = 0xa
4: /x $rcx = 0x9
5: /x $rdx = 0x605590
6: /x $rdi = 0x0
7: /x $rsi = 0x6055a0
8: /x $rbp = 0x7fffffffdcd0
9: /x $rsp = 0x7fffffffdcd0
10: $eflags = [ PF ZF IF ]
11: /x $r8 = 0x605000
12: /x $r9 = 0xd
13: /x $r10 = 0x1be40000701a
14: /x $r11 = 0x0
15: /x $r12 = 0x4004c0
16: /x $r13 = 0x7fffffffdde0
17: /x $r14 = 0x0
18: /x $r15 = 0x0
0x7fffffffdcd0:	0xffffdd00	0x00007fff	0x004032cc	0x00000000
0x7fffffffdce0:	0x00000001	0x00000000	0x00000002	0x00000000
0x7fffffffdcf0:	0x006045b1	0x00000000	0x00604761	0x00000000
0x7fffffffdd00:	0xffffdd08	0x00007fff	0xf7a2d830	0x00007fff
0x0000000000401ef2 in apply_code ()
1: x/i $pc
=> 0x401ef2 <apply_code+66>:	mov    0x28(%rbp),%r10
2: /x $rax = 0x2
3: /x $rbx = 0xa
4: /x $rcx = 0x9
5: /x $rdx = 0x605590
6: /x $rdi = 0x0
7: /x $rsi = 0x6055a0
8: /x $rbp = 0x7fffffffdcd0
9: /x $rsp = 0x7fffffffdcd0
10: $eflags = [ PF ZF IF ]
11: /x $r8 = 0x605000
12: /x $r9 = 0xd
13: /x $r10 = 0x1be40000701a
14: /x $r11 = 0x0
15: /x $r12 = 0x4004c0
16: /x $r13 = 0x7fffffffdde0
17: /x $r14 = 0x0
18: /x $r15 = 0x0
0x7fffffffdcd0:	0xffffdd00	0x00007fff	0x004032cc	0x00000000
0x7fffffffdce0:	0x00000001	0x00000000	0x00000002	0x00000000
0x7fffffffdcf0:	0x006045b1	0x00000000	0x00604761	0x00000000
0x7fffffffdd00:	0xffffdd08	0x00007fff	0xf7a2d830	0x00007fff
0x0000000000401ef6 in apply_code ()
1: x/i $pc
=> 0x401ef6 <apply_code+70>:	mov    $0x0,%r13d
2: /x $rax = 0x2
3: /x $rbx = 0xa
4: /x $rcx = 0x9
5: /x $rdx = 0x605590
6: /x $rdi = 0x0
7: /x $rsi = 0x6055a0
8: /x $rbp = 0x7fffffffdcd0
9: /x $rsp = 0x7fffffffdcd0
10: $eflags = [ PF ZF IF ]
11: /x $r8 = 0x605000
12: /x $r9 = 0xd
13: /x $r10 = 0x604761
14: /x $r11 = 0x0
15: /x $r12 = 0x4004c0
16: /x $r13 = 0x7fffffffdde0
17: /x $r14 = 0x0
18: /x $r15 = 0x0
0x7fffffffdcd0:	0xffffdd00	0x00007fff	0x004032cc	0x00000000
0x7fffffffdce0:	0x00000001	0x00000000	0x00000002	0x00000000
0x7fffffffdcf0:	0x006045b1	0x00000000	0x00604761	0x00000000
0x7fffffffdd00:	0xffffdd08	0x00007fff	0xf7a2d830	0x00007fff
0x0000000000401efc in countArgs101 ()
1: x/i $pc
=> 0x401efc <countArgs101>:	mov    (%r10),%r10
2: /x $rax = 0x2
3: /x $rbx = 0xa
4: /x $rcx = 0x9
5: /x $rdx = 0x605590
6: /x $rdi = 0x0
7: /x $rsi = 0x6055a0
8: /x $rbp = 0x7fffffffdcd0
9: /x $rsp = 0x7fffffffdcd0
10: $eflags = [ PF ZF IF ]
11: /x $r8 = 0x605000
12: /x $r9 = 0xd
13: /x $r10 = 0x604761
14: /x $r11 = 0x0
15: /x $r12 = 0x4004c0
16: /x $r13 = 0x0
17: /x $r14 = 0x0
18: /x $r15 = 0x0
0x7fffffffdcd0:	0xffffdd00	0x00007fff	0x004032cc	0x00000000
0x7fffffffdce0:	0x00000001	0x00000000	0x00000002	0x00000000
0x7fffffffdcf0:	0x006045b1	0x00000000	0x00604761	0x00000000
0x7fffffffdd00:	0xffffdd08	0x00007fff	0xf7a2d830	0x00007fff
0x7fffffffdd10:	0x00000000	0x00000000	0xffffdde8	0x00007fff
0x7fffffffdd20:	0xf7ffcca0	0x00000001	0x00400684	0x00000000
0x7fffffffdd30:	0x00000000	0x00000000	0x32147f02	0x91591323
0x7fffffffdd40:	0x004004c0	0x00000000	0xffffdde0	0x00007fff
0x7fffffffdd50:	0x00000000	0x00000000	0x00000000	0x00000000
0x7fffffffdd60:	0x83b47f02	0x6ea6ec5c	0x96447f02	0x6ea6fce6
0x7fffffffdd70:	0x00000000	0x00007fff	0x00000000	0x00000000
0x7fffffffdd80:	0x00000000	0x00000000	0x00400630	0x00000000
0x0000000000401eff in countArgs101 ()
1: x/i $pc
=> 0x401eff <countArgs101+3>:	mov    %r10,%r12
2: /x $rax = 0x2
3: /x $rbx = 0xa
4: /x $rcx = 0x9
5: /x $rdx = 0x605590
6: /x $rdi = 0x0
7: /x $rsi = 0x6055a0
8: /x $rbp = 0x7fffffffdcd0
9: /x $rsp = 0x7fffffffdcd0
10: $eflags = [ PF ZF IF ]
11: /x $r8 = 0x605000
12: /x $r9 = 0xd
13: /x $r10 = 0x1be40000701a
14: /x $r11 = 0x0
15: /x $r12 = 0x4004c0
16: /x $r13 = 0x0
17: /x $r14 = 0x0
18: /x $r15 = 0x0
0x7fffffffdcd0:	0xffffdd00	0x00007fff	0x004032cc	0x00000000
0x7fffffffdce0:	0x00000001	0x00000000	0x00000002	0x00000000
0x7fffffffdcf0:	0x006045b1	0x00000000	0x00604761	0x00000000
0x7fffffffdd00:	0xffffdd08	0x00007fff	0xf7a2d830	0x00007fff
0x0000000000401f02 in countArgs101 ()
1: x/i $pc
=> 0x401f02 <countArgs101+6>:	and    $0xf,%r12
2: /x $rax = 0x2
3: /x $rbx = 0xa
4: /x $rcx = 0x9
5: /x $rdx = 0x605590
6: /x $rdi = 0x0
7: /x $rsi = 0x6055a0
8: /x $rbp = 0x7fffffffdcd0
9: /x $rsp = 0x7fffffffdcd0
10: $eflags = [ PF ZF IF ]
11: /x $r8 = 0x605000
12: /x $r9 = 0xd
13: /x $r10 = 0x1be40000701a
14: /x $r11 = 0x0
15: /x $r12 = 0x1be40000701a
16: /x $r13 = 0x0
17: /x $r14 = 0x0
18: /x $r15 = 0x0
0x7fffffffdcd0:	0xffffdd00	0x00007fff	0x004032cc	0x00000000
0x7fffffffdce0:	0x00000001	0x00000000	0x00000002	0x00000000
0x7fffffffdcf0:	0x006045b1	0x00000000	0x00604761	0x00000000
0x7fffffffdd00:	0xffffdd08	0x00007fff	0xf7a2d830	0x00007fff
0x0000000000401f06 in countArgs101 ()
1: x/i $pc
=> 0x401f06 <countArgs101+10>:	cmp    $0x2,%r12
2: /x $rax = 0x2
3: /x $rbx = 0xa
4: /x $rcx = 0x9
5: /x $rdx = 0x605590
6: /x $rdi = 0x0
7: /x $rsi = 0x6055a0
8: /x $rbp = 0x7fffffffdcd0
9: /x $rsp = 0x7fffffffdcd0
10: $eflags = [ PF IF ]
11: /x $r8 = 0x605000
12: /x $r9 = 0xd
13: /x $r10 = 0x1be40000701a
14: /x $r11 = 0x0
15: /x $r12 = 0xa
16: /x $r13 = 0x0
17: /x $r14 = 0x0
18: /x $r15 = 0x0
0x7fffffffdcd0:	0xffffdd00	0x00007fff	0x004032cc	0x00000000
0x7fffffffdce0:	0x00000001	0x00000000	0x00000002	0x00000000
0x7fffffffdcf0:	0x006045b1	0x00000000	0x00604761	0x00000000
0x7fffffffdd00:	0xffffdd08	0x00007fff	0xf7a2d830	0x00007fff
0x0000000000401f0a in countArgs101 ()
1: x/i $pc
=> 0x401f0a <countArgs101+14>:	je     0x401f20 <endCountArgs101>
2: /x $rax = 0x2
3: /x $rbx = 0xa
4: /x $rcx = 0x9
5: /x $rdx = 0x605590
6: /x $rdi = 0x0
7: /x $rsi = 0x6055a0
8: /x $rbp = 0x7fffffffdcd0
9: /x $rsp = 0x7fffffffdcd0
10: $eflags = [ IF ]
11: /x $r8 = 0x605000
12: /x $r9 = 0xd
13: /x $r10 = 0x1be40000701a
14: /x $r11 = 0x0
15: /x $r12 = 0xa
16: /x $r13 = 0x0
17: /x $r14 = 0x0
18: /x $r15 = 0x0
0x7fffffffdcd0:	0xffffdd00	0x00007fff	0x004032cc	0x00000000
0x7fffffffdce0:	0x00000001	0x00000000	0x00000002	0x00000000
0x7fffffffdcf0:	0x006045b1	0x00000000	0x00604761	0x00000000
0x7fffffffdd00:	0xffffdd08	0x00007fff	0xf7a2d830	0x00007fff
0x0000000000401f0c in countArgs101 ()
1: x/i $pc
=> 0x401f0c <countArgs101+16>:	shl    $0x1e,%r10
2: /x $rax = 0x2
3: /x $rbx = 0xa
4: /x $rcx = 0x9
5: /x $rdx = 0x605590
6: /x $rdi = 0x0
7: /x $rsi = 0x6055a0
8: /x $rbp = 0x7fffffffdcd0
9: /x $rsp = 0x7fffffffdcd0
10: $eflags = [ IF ]
11: /x $r8 = 0x605000
12: /x $r9 = 0xd
13: /x $r10 = 0x1be40000701a
14: /x $r11 = 0x0
15: /x $r12 = 0xa
16: /x $r13 = 0x0
17: /x $r14 = 0x0
18: /x $r15 = 0x0
0x7fffffffdcd0:	0xffffdd00	0x00007fff	0x004032cc	0x00000000
0x7fffffffdce0:	0x00000001	0x00000000	0x00000002	0x00000000
0x7fffffffdcf0:	0x006045b1	0x00000000	0x00604761	0x00000000
0x7fffffffdd00:	0xffffdd08	0x00007fff	0xf7a2d830	0x00007fff
0x0000000000401f10 in countArgs101 ()
1: x/i $pc
=> 0x401f10 <countArgs101+20>:	sar    $0x22,%r10
2: /x $rax = 0x2
3: /x $rbx = 0xa
4: /x $rcx = 0x9
5: /x $rdx = 0x605590
6: /x $rdi = 0x0
7: /x $rsi = 0x6055a0
8: /x $rbp = 0x7fffffffdcd0
9: /x $rsp = 0x7fffffffdcd0
10: $eflags = [ CF PF IF ]
11: /x $r8 = 0x605000
12: /x $r9 = 0xd
13: /x $r10 = 0x1c0680000000
14: /x $r11 = 0x0
15: /x $r12 = 0xa
16: /x $r13 = 0x0
17: /x $r14 = 0x0
18: /x $r15 = 0x0
0x0000000000401f14 in countArgs101 ()
1: x/i $pc
=> 0x401f14 <countArgs101+24>:	add    $0x604040,%r10
2: /x $rax = 0x2
3: /x $rbx = 0xa
4: /x $rcx = 0x9
5: /x $rdx = 0x605590
6: /x $rdi = 0x0
7: /x $rsi = 0x6055a0
8: /x $rbp = 0x7fffffffdcd0
9: /x $rsp = 0x7fffffffdcd0
10: $eflags = [ CF IF ]
11: /x $r8 = 0x605000
12: /x $r9 = 0xd
13: /x $r10 = 0x701
14: /x $r11 = 0x0
15: /x $r12 = 0xa
16: /x $r13 = 0x0
17: /x $r14 = 0x0
18: /x $r15 = 0x0
0x7fffffffdcd0:	0xffffdd00	0x00007fff	0x004032cc	0x00000000
0x7fffffffdce0:	0x00000001	0x00000000	0x00000002	0x00000000
0x7fffffffdcf0:	0x006045b1	0x00000000	0x00604761	0x00000000
0x7fffffffdd00:	0xffffdd08	0x00007fff	0xf7a2d830	0x00007fff
0x0000000000401f1b in countArgs101 ()
1: x/i $pc
=> 0x401f1b <countArgs101+31>:	inc    %r13
2: /x $rax = 0x2
3: /x $rbx = 0xa
4: /x $rcx = 0x9
5: /x $rdx = 0x605590
6: /x $rdi = 0x0
7: /x $rsi = 0x6055a0
8: /x $rbp = 0x7fffffffdcd0
9: /x $rsp = 0x7fffffffdcd0
10: $eflags = [ PF IF ]
11: /x $r8 = 0x605000
12: /x $r9 = 0xd
13: /x $r10 = 0x604741
14: /x $r11 = 0x0
15: /x $r12 = 0xa
16: /x $r13 = 0x0
17: /x $r14 = 0x0
18: /x $r15 = 0x0
0x7fffffffdcd0:	0xffffdd00	0x00007fff	0x004032cc	0x00000000
0x7fffffffdce0:	0x00000001	0x00000000	0x00000002	0x00000000
0x7fffffffdcf0:	0x006045b1	0x00000000	0x00604761	0x00000000
0x7fffffffdd00:	0xffffdd08	0x00007fff	0xf7a2d830	0x00007fff
0x604761:	0x0000701a	0x00001be4	0x00000000	0x00000000
0x604771:	0x00000000	0x00000000	0x00000000	0x00000000
0x604781:	0x00000000	0x00000000	0x00000000	0x00000000
0x604791:	0x00000000	0x00000000	0x00000000	0x00000000
0x604741:	0x0000711a	0x00001c24	0x00000023	0x00000000
0x604751:	0x00006f1a	0x00001c64	0x00000033	0x00000000
0x604761:	0x0000701a	0x00001be4	0x00000000	0x00000000
0x604771:	0x00000000	0x00000000	0x00000000	0x00000000
0x0000000000401f1e in countArgs101 ()
1: x/i $pc
=> 0x401f1e <countArgs101+34>:	jmp    0x401f20 <endCountArgs101>
2: /x $rax = 0x2
3: /x $rbx = 0xa
4: /x $rcx = 0x9
5: /x $rdx = 0x605590
6: /x $rdi = 0x0
7: /x $rsi = 0x6055a0
8: /x $rbp = 0x7fffffffdcd0
9: /x $rsp = 0x7fffffffdcd0
10: $eflags = [ IF ]
11: /x $r8 = 0x605000
12: /x $r9 = 0xd
13: /x $r10 = 0x604741
14: /x $r11 = 0x0
15: /x $r12 = 0xa
16: /x $r13 = 0x1
17: /x $r14 = 0x0
18: /x $r15 = 0x0
0x7fffffffdcd0:	0xffffdd00	0x00007fff	0x004032cc	0x00000000
0x7fffffffdce0:	0x00000001	0x00000000	0x00000002	0x00000000
0x7fffffffdcf0:	0x006045b1	0x00000000	0x00604761	0x00000000
0x7fffffffdd00:	0xffffdd08	0x00007fff	0xf7a2d830	0x00007fff
0x0000000000401f20 in endCountArgs101 ()
1: x/i $pc
=> 0x401f20 <endCountArgs101>:	mov    0x20(%rbp),%r10
2: /x $rax = 0x2
3: /x $rbx = 0xa
4: /x $rcx = 0x9
5: /x $rdx = 0x605590
6: /x $rdi = 0x0
7: /x $rsi = 0x6055a0
8: /x $rbp = 0x7fffffffdcd0
9: /x $rsp = 0x7fffffffdcd0
10: $eflags = [ IF ]
11: /x $r8 = 0x605000
12: /x $r9 = 0xd
13: /x $r10 = 0x604741
14: /x $r11 = 0x0
15: /x $r12 = 0xa
16: /x $r13 = 0x1
17: /x $r14 = 0x0
18: /x $r15 = 0x0
Breakpoint 1 at 0x401eb4
SIGTRAP is used by the debugger.
Are you sure you want to change it? (y or n) [answered Y; input not from terminal]

Breakpoint 1, 0x0000000000401eb4 in apply_code ()
1: x/i $pc
=> 0x401eb4 <apply_code+4>:	mov    0x18(%rbp),%rax
2: /x $rax = 0x604591
3: /x $rbx = 0x1
4: /x $rcx = 0x9
5: /x $rdx = 0x605590
6: /x $rdi = 0x0
7: /x $rsi = 0x6055a0
8: /x $rbp = 0x7fffffffdcd0
9: /x $rsp = 0x7fffffffdcd0
10: $eflags = [ IF ]
11: /x $r8 = 0x605000
12: /x $r9 = 0xd
13: /x $r10 = 0x401eb0
14: /x $r11 = 0x0
15: /x $r12 = 0x4004c0
16: /x $r13 = 0x7fffffffdde0
17: /x $r14 = 0x0
18: /x $r15 = 0x0
0x7fffffffdcd0:	0xffffdd00	0x00007fff	0x004032cc	0x00000000
0x7fffffffdce0:	0x00000001	0x00000000	0x00000002	0x00000000
0x7fffffffdcf0:	0x006045b1	0x00000000	0x00604761	0x00000000
0x7fffffffdd00:	0xffffdd08	0x00007fff	0xf7a2d830	0x00007fff
0x7fffffffdd10:	0x00000000	0x00000000	0xffffdde8	0x00007fff
0x7fffffffdd20:	0xf7ffcca0	0x00000001	0x00400684	0x00000000
0x7fffffffdd30:	0x00000000	0x00000000	0x8fb6c7c4	0x7a95dd3c
0x7fffffffdd40:	0x004004c0	0x00000000	0xffffdde0	0x00007fff
0x7fffffffdd50:	0x00000000	0x00000000	0x00000000	0x00000000
0x7fffffffdd60:	0x3e16c7c4	0x856a2243	0x2be6c7c4	0x856a32f9
0x7fffffffdd70:	0x00000000	0x00007fff	0x00000000	0x00000000
0x7fffffffdd80:	0x00000000	0x00000000	0x00400630	0x00000000
0x7fffffffdd90:	0xf7de7ab0	0x00007fff	0xf7de77cb	0x00007fff
0x7fffffffdda0:	0x00000000	0x00000000	0x00000000	0x00000000
0x7fffffffddb0:	0x004004c0	0x00000000	0xffffdde0	0x00007fff
0x7fffffffddc0:	0x00000000	0x00000000	0x004004e9	0x00000000
0x0000000000401eb8 in apply_code ()
1: x/i $pc
=> 0x401eb8 <apply_code+8>:	cmp    $0x2,%rax
2: /x $rax = 0x2
3: /x $rbx = 0x1
4: /x $rcx = 0x9
5: /x $rdx = 0x605590
6: /x $rdi = 0x0
7: /x $rsi = 0x6055a0
8: /x $rbp = 0x7fffffffdcd0
9: /x $rsp = 0x7fffffffdcd0
10: $eflags = [ IF ]
11: /x $r8 = 0x605000
12: /x $r9 = 0xd
13: /x $r10 = 0x401eb0
14: /x $r11 = 0x0
15: /x $r12 = 0x4004c0
16: /x $r13 = 0x7fffffffdde0
17: /x $r14 = 0x0
18: /x $r15 = 0x0
0x0000000000401ebc in apply_code ()
1: x/i $pc
=> 0x401ebc <apply_code+12>:	jne    0x401fb8 <badInput101>
2: /x $rax = 0x2
3: /x $rbx = 0x1
4: /x $rcx = 0x9
5: /x $rdx = 0x605590
6: /x $rdi = 0x0
7: /x $rsi = 0x6055a0
8: /x $rbp = 0x7fffffffdcd0
9: /x $rsp = 0x7fffffffdcd0
10: $eflags = [ PF ZF IF ]
11: /x $r8 = 0x605000
12: /x $r9 = 0xd
13: /x $r10 = 0x401eb0
14: /x $r11 = 0x0
15: /x $r12 = 0x4004c0
16: /x $r13 = 0x7fffffffdde0
17: /x $r14 = 0x0
18: /x $r15 = 0x0
0x0000000000401ec2 in apply_code ()
1: x/i $pc
=> 0x401ec2 <apply_code+18>:	mov    0x20(%rbp),%r10
2: /x $rax = 0x2
3: /x $rbx = 0x1
4: /x $rcx = 0x9
5: /x $rdx = 0x605590
6: /x $rdi = 0x0
7: /x $rsi = 0x6055a0
8: /x $rbp = 0x7fffffffdcd0
9: /x $rsp = 0x7fffffffdcd0
10: $eflags = [ PF ZF IF ]
11: /x $r8 = 0x605000
12: /x $r9 = 0xd
13: /x $r10 = 0x401eb0
14: /x $r11 = 0x0
15: /x $r12 = 0x4004c0
16: /x $r13 = 0x7fffffffdde0
17: /x $r14 = 0x0
18: /x $r15 = 0x0
0x0000000000401ec6 in apply_code ()
1: x/i $pc
=> 0x401ec6 <apply_code+22>:	mov    (%r10),%r10
2: /x $rax = 0x2
3: /x $rbx = 0x1
4: /x $rcx = 0x9
5: /x $rdx = 0x605590
6: /x $rdi = 0x0
7: /x $rsi = 0x6055a0
8: /x $rbp = 0x7fffffffdcd0
9: /x $rsp = 0x7fffffffdcd0
10: $eflags = [ PF ZF IF ]
11: /x $r8 = 0x605000
12: /x $r9 = 0xd
13: /x $r10 = 0x6045b1
14: /x $r11 = 0x0
15: /x $r12 = 0x4004c0
16: /x $r13 = 0x7fffffffdde0
17: /x $r14 = 0x0
18: /x $r15 = 0x0
0x0000000000401ec9 in apply_code ()
1: x/i $pc
=> 0x401ec9 <apply_code+25>:	mov    %r10,%rbx
2: /x $rax = 0x2
3: /x $rbx = 0x1
4: /x $rcx = 0x9
5: /x $rdx = 0x605590
6: /x $rdi = 0x0
7: /x $rsi = 0x6055a0
8: /x $rbp = 0x7fffffffdcd0
9: /x $rsp = 0x7fffffffdcd0
10: $eflags = [ PF ZF IF ]
11: /x $r8 = 0x605000
12: /x $r9 = 0xd
13: /x $r10 = 0xfe7eff0400012189
14: /x $r11 = 0x0
15: /x $r12 = 0x4004c0
16: /x $r13 = 0x7fffffffdde0
17: /x $r14 = 0x0
18: /x $r15 = 0x0
0x0000000000401ecc in apply_code ()
1: x/i $pc
=> 0x401ecc <apply_code+28>:	and    $0xf,%rbx
2: /x $rax = 0x2
3: /x $rbx = 0xfe7eff0400012189
4: /x $rcx = 0x9
5: /x $rdx = 0x605590
6: /x $rdi = 0x0
7: /x $rsi = 0x6055a0
8: /x $rbp = 0x7fffffffdcd0
9: /x $rsp = 0x7fffffffdcd0
10: $eflags = [ PF ZF IF ]
11: /x $r8 = 0x605000
12: /x $r9 = 0xd
13: /x $r10 = 0xfe7eff0400012189
14: /x $r11 = 0x0
15: /x $r12 = 0x4004c0
16: /x $r13 = 0x7fffffffdde0
17: /x $r14 = 0x0
18: /x $r15 = 0x0
0x0000000000401ed0 in apply_code ()
1: x/i $pc
=> 0x401ed0 <apply_code+32>:	cmp    $0x9,%rbx
2: /x $rax = 0x2
3: /x $rbx = 0x9
4: /x $rcx = 0x9
5: /x $rdx = 0x605590
6: /x $rdi = 0x0
7: /x $rsi = 0x6055a0
8: /x $rbp = 0x7fffffffdcd0
9: /x $rsp = 0x7fffffffdcd0
10: $eflags = [ PF IF ]
11: /x $r8 = 0x605000
12: /x $r9 = 0xd
13: /x $r10 = 0xfe7eff0400012189
14: /x $r11 = 0x0
15: /x $r12 = 0x4004c0
16: /x $r13 = 0x7fffffffdde0
17: /x $r14 = 0x0
18: /x $r15 = 0x0
0x0000000000401ed4 in apply_code ()
1: x/i $pc
=> 0x401ed4 <apply_code+36>:	jne    0x401fb8 <badInput101>
2: /x $rax = 0x2
3: /x $rbx = 0x9
4: /x $rcx = 0x9
5: /x $rdx = 0x605590
6: /x $rdi = 0x0
7: /x $rsi = 0x6055a0
8: /x $rbp = 0x7fffffffdcd0
9: /x $rsp = 0x7fffffffdcd0
10: $eflags = [ PF ZF IF ]
11: /x $r8 = 0x605000
12: /x $r9 = 0xd
13: /x $r10 = 0xfe7eff0400012189
14: /x $r11 = 0x0
15: /x $r12 = 0x4004c0
16: /x $r13 = 0x7fffffffdde0
17: /x $r14 = 0x0
18: /x $r15 = 0x0
0x0000000000401eda in apply_code ()
1: x/i $pc
=> 0x401eda <apply_code+42>:	mov    0x28(%rbp),%r10
2: /x $rax = 0x2
3: /x $rbx = 0x9
4: /x $rcx = 0x9
5: /x $rdx = 0x605590
6: /x $rdi = 0x0
7: /x $rsi = 0x6055a0
8: /x $rbp = 0x7fffffffdcd0
9: /x $rsp = 0x7fffffffdcd0
10: $eflags = [ PF ZF IF ]
11: /x $r8 = 0x605000
12: /x $r9 = 0xd
13: /x $r10 = 0xfe7eff0400012189
14: /x $r11 = 0x0
15: /x $r12 = 0x4004c0
16: /x $r13 = 0x7fffffffdde0
17: /x $r14 = 0x0
18: /x $r15 = 0x0
0x0000000000401ede in apply_code ()
1: x/i $pc
=> 0x401ede <apply_code+46>:	mov    (%r10),%r10
2: /x $rax = 0x2
3: /x $rbx = 0x9
4: /x $rcx = 0x9
5: /x $rdx = 0x605590
6: /x $rdi = 0x0
7: /x $rsi = 0x6055a0
8: /x $rbp = 0x7fffffffdcd0
9: /x $rsp = 0x7fffffffdcd0
10: $eflags = [ PF ZF IF ]
11: /x $r8 = 0x605000
12: /x $r9 = 0xd
13: /x $r10 = 0x604761
14: /x $r11 = 0x0
15: /x $r12 = 0x4004c0
16: /x $r13 = 0x7fffffffdde0
17: /x $r14 = 0x0
18: /x $r15 = 0x0
0x0000000000401ee1 in apply_code ()
1: x/i $pc
=> 0x401ee1 <apply_code+49>:	mov    %r10,%rbx
2: /x $rax = 0x2
3: /x $rbx = 0x9
4: /x $rcx = 0x9
5: /x $rdx = 0x605590
6: /x $rdi = 0x0
7: /x $rsi = 0x6055a0
8: /x $rbp = 0x7fffffffdcd0
9: /x $rsp = 0x7fffffffdcd0
10: $eflags = [ PF ZF IF ]
11: /x $r8 = 0x605000
12: /x $r9 = 0xd
13: /x $r10 = 0x1be40000701a
14: /x $r11 = 0x0
15: /x $r12 = 0x4004c0
16: /x $r13 = 0x7fffffffdde0
17: /x $r14 = 0x0
18: /x $r15 = 0x0
0x0000000000401ee4 in apply_code ()
1: x/i $pc
=> 0x401ee4 <apply_code+52>:	and    $0xf,%rbx
2: /x $rax = 0x2
3: /x $rbx = 0x1be40000701a
4: /x $rcx = 0x9
5: /x $rdx = 0x605590
6: /x $rdi = 0x0
7: /x $rsi = 0x6055a0
8: /x $rbp = 0x7fffffffdcd0
9: /x $rsp = 0x7fffffffdcd0
10: $eflags = [ PF ZF IF ]
11: /x $r8 = 0x605000
12: /x $r9 = 0xd
13: /x $r10 = 0x1be40000701a
14: /x $r11 = 0x0
15: /x $r12 = 0x4004c0
16: /x $r13 = 0x7fffffffdde0
17: /x $r14 = 0x0
18: /x $r15 = 0x0
0x0000000000401ee8 in apply_code ()
1: x/i $pc
=> 0x401ee8 <apply_code+56>:	cmp    $0xa,%rbx
2: /x $rax = 0x2
3: /x $rbx = 0xa
4: /x $rcx = 0x9
5: /x $rdx = 0x605590
6: /x $rdi = 0x0
7: /x $rsi = 0x6055a0
8: /x $rbp = 0x7fffffffdcd0
9: /x $rsp = 0x7fffffffdcd0
10: $eflags = [ PF IF ]
11: /x $r8 = 0x605000
12: /x $r9 = 0xd
13: /x $r10 = 0x1be40000701a
14: /x $r11 = 0x0
15: /x $r12 = 0x4004c0
16: /x $r13 = 0x7fffffffdde0
17: /x $r14 = 0x0
18: /x $r15 = 0x0
0x0000000000401eec in apply_code ()
1: x/i $pc
=> 0x401eec <apply_code+60>:	jne    0x401fb8 <badInput101>
2: /x $rax = 0x2
3: /x $rbx = 0xa
4: /x $rcx = 0x9
5: /x $rdx = 0x605590
6: /x $rdi = 0x0
7: /x $rsi = 0x6055a0
8: /x $rbp = 0x7fffffffdcd0
9: /x $rsp = 0x7fffffffdcd0
10: $eflags = [ PF ZF IF ]
11: /x $r8 = 0x605000
12: /x $r9 = 0xd
13: /x $r10 = 0x1be40000701a
14: /x $r11 = 0x0
15: /x $r12 = 0x4004c0
16: /x $r13 = 0x7fffffffdde0
17: /x $r14 = 0x0
18: /x $r15 = 0x0
0x0000000000401ef2 in apply_code ()
1: x/i $pc
=> 0x401ef2 <apply_code+66>:	mov    0x28(%rbp),%r10
2: /x $rax = 0x2
3: /x $rbx = 0xa
4: /x $rcx = 0x9
5: /x $rdx = 0x605590
6: /x $rdi = 0x0
7: /x $rsi = 0x6055a0
8: /x $rbp = 0x7fffffffdcd0
9: /x $rsp = 0x7fffffffdcd0
10: $eflags = [ PF ZF IF ]
11: /x $r8 = 0x605000
12: /x $r9 = 0xd
13: /x $r10 = 0x1be40000701a
14: /x $r11 = 0x0
15: /x $r12 = 0x4004c0
16: /x $r13 = 0x7fffffffdde0
17: /x $r14 = 0x0
18: /x $r15 = 0x0
0x0000000000401ef6 in apply_code ()
1: x/i $pc
=> 0x401ef6 <apply_code+70>:	mov    $0x0,%r13d
2: /x $rax = 0x2
3: /x $rbx = 0xa
4: /x $rcx = 0x9
5: /x $rdx = 0x605590
6: /x $rdi = 0x0
7: /x $rsi = 0x6055a0
8: /x $rbp = 0x7fffffffdcd0
9: /x $rsp = 0x7fffffffdcd0
10: $eflags = [ PF ZF IF ]
11: /x $r8 = 0x605000
12: /x $r9 = 0xd
13: /x $r10 = 0x604761
14: /x $r11 = 0x0
15: /x $r12 = 0x4004c0
16: /x $r13 = 0x7fffffffdde0
17: /x $r14 = 0x0
18: /x $r15 = 0x0
0x0000000000401efc in countArgs101 ()
1: x/i $pc
=> 0x401efc <countArgs101>:	mov    (%r10),%r10
2: /x $rax = 0x2
3: /x $rbx = 0xa
4: /x $rcx = 0x9
5: /x $rdx = 0x605590
6: /x $rdi = 0x0
7: /x $rsi = 0x6055a0
8: /x $rbp = 0x7fffffffdcd0
9: /x $rsp = 0x7fffffffdcd0
10: $eflags = [ PF ZF IF ]
11: /x $r8 = 0x605000
12: /x $r9 = 0xd
13: /x $r10 = 0x604761
14: /x $r11 = 0x0
15: /x $r12 = 0x4004c0
16: /x $r13 = 0x0
17: /x $r14 = 0x0
18: /x $r15 = 0x0
0x0000000000401eff in countArgs101 ()
1: x/i $pc
=> 0x401eff <countArgs101+3>:	mov    %r10,%r12
2: /x $rax = 0x2
3: /x $rbx = 0xa
4: /x $rcx = 0x9
5: /x $rdx = 0x605590
6: /x $rdi = 0x0
7: /x $rsi = 0x6055a0
8: /x $rbp = 0x7fffffffdcd0
9: /x $rsp = 0x7fffffffdcd0
10: $eflags = [ PF ZF IF ]
11: /x $r8 = 0x605000
12: /x $r9 = 0xd
13: /x $r10 = 0x1be40000701a
14: /x $r11 = 0x0
15: /x $r12 = 0x4004c0
16: /x $r13 = 0x0
17: /x $r14 = 0x0
18: /x $r15 = 0x0
0x0000000000401f02 in countArgs101 ()
1: x/i $pc
=> 0x401f02 <countArgs101+6>:	and    $0xf,%r12
2: /x $rax = 0x2
3: /x $rbx = 0xa
4: /x $rcx = 0x9
5: /x $rdx = 0x605590
6: /x $rdi = 0x0
7: /x $rsi = 0x6055a0
8: /x $rbp = 0x7fffffffdcd0
9: /x $rsp = 0x7fffffffdcd0
10: $eflags = [ PF ZF IF ]
11: /x $r8 = 0x605000
12: /x $r9 = 0xd
13: /x $r10 = 0x1be40000701a
14: /x $r11 = 0x0
15: /x $r12 = 0x1be40000701a
16: /x $r13 = 0x0
17: /x $r14 = 0x0
18: /x $r15 = 0x0
0x0000000000401f06 in countArgs101 ()
1: x/i $pc
=> 0x401f06 <countArgs101+10>:	cmp    $0x2,%r12
2: /x $rax = 0x2
3: /x $rbx = 0xa
4: /x $rcx = 0x9
5: /x $rdx = 0x605590
6: /x $rdi = 0x0
7: /x $rsi = 0x6055a0
8: /x $rbp = 0x7fffffffdcd0
9: /x $rsp = 0x7fffffffdcd0
10: $eflags = [ PF IF ]
11: /x $r8 = 0x605000
12: /x $r9 = 0xd
13: /x $r10 = 0x1be40000701a
14: /x $r11 = 0x0
15: /x $r12 = 0xa
16: /x $r13 = 0x0
17: /x $r14 = 0x0
18: /x $r15 = 0x0
0x0000000000401f0a in countArgs101 ()
1: x/i $pc
=> 0x401f0a <countArgs101+14>:	je     0x401f20 <endCountArgs101>
2: /x $rax = 0x2
3: /x $rbx = 0xa
4: /x $rcx = 0x9
5: /x $rdx = 0x605590
6: /x $rdi = 0x0
7: /x $rsi = 0x6055a0
8: /x $rbp = 0x7fffffffdcd0
9: /x $rsp = 0x7fffffffdcd0
10: $eflags = [ IF ]
11: /x $r8 = 0x605000
12: /x $r9 = 0xd
13: /x $r10 = 0x1be40000701a
14: /x $r11 = 0x0
15: /x $r12 = 0xa
16: /x $r13 = 0x0
17: /x $r14 = 0x0
18: /x $r15 = 0x0
0x0000000000401f0c in countArgs101 ()
1: x/i $pc
=> 0x401f0c <countArgs101+16>:	shl    $0x1e,%r10
2: /x $rax = 0x2
3: /x $rbx = 0xa
4: /x $rcx = 0x9
5: /x $rdx = 0x605590
6: /x $rdi = 0x0
7: /x $rsi = 0x6055a0
8: /x $rbp = 0x7fffffffdcd0
9: /x $rsp = 0x7fffffffdcd0
10: $eflags = [ IF ]
11: /x $r8 = 0x605000
12: /x $r9 = 0xd
13: /x $r10 = 0x1be40000701a
14: /x $r11 = 0x0
15: /x $r12 = 0xa
16: /x $r13 = 0x0
17: /x $r14 = 0x0
18: /x $r15 = 0x0
0x0000000000401f10 in countArgs101 ()
1: x/i $pc
=> 0x401f10 <countArgs101+20>:	sar    $0x22,%r10
2: /x $rax = 0x2
3: /x $rbx = 0xa
4: /x $rcx = 0x9
5: /x $rdx = 0x605590
6: /x $rdi = 0x0
7: /x $rsi = 0x6055a0
8: /x $rbp = 0x7fffffffdcd0
9: /x $rsp = 0x7fffffffdcd0
10: $eflags = [ CF PF IF ]
11: /x $r8 = 0x605000
12: /x $r9 = 0xd
13: /x $r10 = 0x1c0680000000
14: /x $r11 = 0x0
15: /x $r12 = 0xa
16: /x $r13 = 0x0
17: /x $r14 = 0x0
18: /x $r15 = 0x0
0x0000000000401f14 in countArgs101 ()
1: x/i $pc
=> 0x401f14 <countArgs101+24>:	add    $0x604040,%r10
2: /x $rax = 0x2
3: /x $rbx = 0xa
4: /x $rcx = 0x9
5: /x $rdx = 0x605590
6: /x $rdi = 0x0
7: /x $rsi = 0x6055a0
8: /x $rbp = 0x7fffffffdcd0
9: /x $rsp = 0x7fffffffdcd0
10: $eflags = [ CF IF ]
11: /x $r8 = 0x605000
12: /x $r9 = 0xd
13: /x $r10 = 0x701
14: /x $r11 = 0x0
15: /x $r12 = 0xa
16: /x $r13 = 0x0
17: /x $r14 = 0x0
18: /x $r15 = 0x0
0x0000000000401f1b in countArgs101 ()
1: x/i $pc
=> 0x401f1b <countArgs101+31>:	inc    %r13
2: /x $rax = 0x2
3: /x $rbx = 0xa
4: /x $rcx = 0x9
5: /x $rdx = 0x605590
6: /x $rdi = 0x0
7: /x $rsi = 0x6055a0
8: /x $rbp = 0x7fffffffdcd0
9: /x $rsp = 0x7fffffffdcd0
10: $eflags = [ PF IF ]
11: /x $r8 = 0x605000
12: /x $r9 = 0xd
13: /x $r10 = 0x604741
14: /x $r11 = 0x0
15: /x $r12 = 0xa
16: /x $r13 = 0x0
17: /x $r14 = 0x0
18: /x $r15 = 0x0
0x0000000000401f1e in countArgs101 ()
1: x/i $pc
=> 0x401f1e <countArgs101+34>:	jmp    0x401efc <countArgs101>
2: /x $rax = 0x2
3: /x $rbx = 0xa
4: /x $rcx = 0x9
5: /x $rdx = 0x605590
6: /x $rdi = 0x0
7: /x $rsi = 0x6055a0
8: /x $rbp = 0x7fffffffdcd0
9: /x $rsp = 0x7fffffffdcd0
10: $eflags = [ IF ]
11: /x $r8 = 0x605000
12: /x $r9 = 0xd
13: /x $r10 = 0x604741
14: /x $r11 = 0x0
15: /x $r12 = 0xa
16: /x $r13 = 0x1
17: /x $r14 = 0x0
18: /x $r15 = 0x0
0x0000000000401efc in countArgs101 ()
1: x/i $pc
=> 0x401efc <countArgs101>:	mov    (%r10),%r10
2: /x $rax = 0x2
3: /x $rbx = 0xa
4: /x $rcx = 0x9
5: /x $rdx = 0x605590
6: /x $rdi = 0x0
7: /x $rsi = 0x6055a0
8: /x $rbp = 0x7fffffffdcd0
9: /x $rsp = 0x7fffffffdcd0
10: $eflags = [ IF ]
11: /x $r8 = 0x605000
12: /x $r9 = 0xd
13: /x $r10 = 0x604741
14: /x $r11 = 0x0
15: /x $r12 = 0xa
16: /x $r13 = 0x1
17: /x $r14 = 0x0
18: /x $r15 = 0x0
0x0000000000401eff in countArgs101 ()
1: x/i $pc
=> 0x401eff <countArgs101+3>:	mov    %r10,%r12
2: /x $rax = 0x2
3: /x $rbx = 0xa
4: /x $rcx = 0x9
5: /x $rdx = 0x605590
6: /x $rdi = 0x0
7: /x $rsi = 0x6055a0
8: /x $rbp = 0x7fffffffdcd0
9: /x $rsp = 0x7fffffffdcd0
10: $eflags = [ IF ]
11: /x $r8 = 0x605000
12: /x $r9 = 0xd
13: /x $r10 = 0x1c240000711a
14: /x $r11 = 0x0
15: /x $r12 = 0xa
16: /x $r13 = 0x1
17: /x $r14 = 0x0
18: /x $r15 = 0x0
0x0000000000401f02 in countArgs101 ()
1: x/i $pc
=> 0x401f02 <countArgs101+6>:	and    $0xf,%r12
2: /x $rax = 0x2
3: /x $rbx = 0xa
4: /x $rcx = 0x9
5: /x $rdx = 0x605590
6: /x $rdi = 0x0
7: /x $rsi = 0x6055a0
8: /x $rbp = 0x7fffffffdcd0
9: /x $rsp = 0x7fffffffdcd0
10: $eflags = [ IF ]
11: /x $r8 = 0x605000
12: /x $r9 = 0xd
13: /x $r10 = 0x1c240000711a
14: /x $r11 = 0x0
15: /x $r12 = 0x1c240000711a
16: /x $r13 = 0x1
17: /x $r14 = 0x0
18: /x $r15 = 0x0
0x0000000000401f06 in countArgs101 ()
1: x/i $pc
=> 0x401f06 <countArgs101+10>:	cmp    $0x2,%r12
2: /x $rax = 0x2
3: /x $rbx = 0xa
4: /x $rcx = 0x9
5: /x $rdx = 0x605590
6: /x $rdi = 0x0
7: /x $rsi = 0x6055a0
8: /x $rbp = 0x7fffffffdcd0
9: /x $rsp = 0x7fffffffdcd0
10: $eflags = [ PF IF ]
11: /x $r8 = 0x605000
12: /x $r9 = 0xd
13: /x $r10 = 0x1c240000711a
14: /x $r11 = 0x0
15: /x $r12 = 0xa
16: /x $r13 = 0x1
17: /x $r14 = 0x0
18: /x $r15 = 0x0
0x0000000000401f0a in countArgs101 ()
1: x/i $pc
=> 0x401f0a <countArgs101+14>:	je     0x401f20 <endCountArgs101>
2: /x $rax = 0x2
3: /x $rbx = 0xa
4: /x $rcx = 0x9
5: /x $rdx = 0x605590
6: /x $rdi = 0x0
7: /x $rsi = 0x6055a0
8: /x $rbp = 0x7fffffffdcd0
9: /x $rsp = 0x7fffffffdcd0
10: $eflags = [ IF ]
11: /x $r8 = 0x605000
12: /x $r9 = 0xd
13: /x $r10 = 0x1c240000711a
14: /x $r11 = 0x0
15: /x $r12 = 0xa
16: /x $r13 = 0x1
17: /x $r14 = 0x0
18: /x $r15 = 0x0
0x0000000000401f0c in countArgs101 ()
1: x/i $pc
=> 0x401f0c <countArgs101+16>:	shl    $0x1e,%r10
2: /x $rax = 0x2
3: /x $rbx = 0xa
4: /x $rcx = 0x9
5: /x $rdx = 0x605590
6: /x $rdi = 0x0
7: /x $rsi = 0x6055a0
8: /x $rbp = 0x7fffffffdcd0
9: /x $rsp = 0x7fffffffdcd0
10: $eflags = [ IF ]
11: /x $r8 = 0x605000
12: /x $r9 = 0xd
13: /x $r10 = 0x1c240000711a
14: /x $r11 = 0x0
15: /x $r12 = 0xa
16: /x $r13 = 0x1
17: /x $r14 = 0x0
18: /x $r15 = 0x0
0x0000000000401f10 in countArgs101 ()
1: x/i $pc
=> 0x401f10 <countArgs101+20>:	sar    $0x22,%r10
2: /x $rax = 0x2
3: /x $rbx = 0xa
4: /x $rcx = 0x9
5: /x $rdx = 0x605590
6: /x $rdi = 0x0
7: /x $rsi = 0x6055a0
8: /x $rbp = 0x7fffffffdcd0
9: /x $rsp = 0x7fffffffdcd0
10: $eflags = [ CF PF IF ]
11: /x $r8 = 0x605000
12: /x $r9 = 0xd
13: /x $r10 = 0x1c4680000000
14: /x $r11 = 0x0
15: /x $r12 = 0xa
16: /x $r13 = 0x1
17: /x $r14 = 0x0
18: /x $r15 = 0x0
0x0000000000401f14 in countArgs101 ()
1: x/i $pc
=> 0x401f14 <countArgs101+24>:	add    $0x604040,%r10
2: /x $rax = 0x2
3: /x $rbx = 0xa
4: /x $rcx = 0x9
5: /x $rdx = 0x605590
6: /x $rdi = 0x0
7: /x $rsi = 0x6055a0
8: /x $rbp = 0x7fffffffdcd0
9: /x $rsp = 0x7fffffffdcd0
10: $eflags = [ CF PF IF ]
11: /x $r8 = 0x605000
12: /x $r9 = 0xd
13: /x $r10 = 0x711
14: /x $r11 = 0x0
15: /x $r12 = 0xa
16: /x $r13 = 0x1
17: /x $r14 = 0x0
18: /x $r15 = 0x0
0x0000000000401f1b in countArgs101 ()
1: x/i $pc
=> 0x401f1b <countArgs101+31>:	inc    %r13
2: /x $rax = 0x2
3: /x $rbx = 0xa
4: /x $rcx = 0x9
5: /x $rdx = 0x605590
6: /x $rdi = 0x0
7: /x $rsi = 0x6055a0
8: /x $rbp = 0x7fffffffdcd0
9: /x $rsp = 0x7fffffffdcd0
10: $eflags = [ IF ]
11: /x $r8 = 0x605000
12: /x $r9 = 0xd
13: /x $r10 = 0x604751
14: /x $r11 = 0x0
15: /x $r12 = 0xa
16: /x $r13 = 0x1
17: /x $r14 = 0x0
18: /x $r15 = 0x0
0x0000000000401f1e in countArgs101 ()
1: x/i $pc
=> 0x401f1e <countArgs101+34>:	jmp    0x401efc <countArgs101>
2: /x $rax = 0x2
3: /x $rbx = 0xa
4: /x $rcx = 0x9
5: /x $rdx = 0x605590
6: /x $rdi = 0x0
7: /x $rsi = 0x6055a0
8: /x $rbp = 0x7fffffffdcd0
9: /x $rsp = 0x7fffffffdcd0
10: $eflags = [ IF ]
11: /x $r8 = 0x605000
12: /x $r9 = 0xd
13: /x $r10 = 0x604751
14: /x $r11 = 0x0
15: /x $r12 = 0xa
16: /x $r13 = 0x2
17: /x $r14 = 0x0
18: /x $r15 = 0x0
0x0000000000401efc in countArgs101 ()
1: x/i $pc
=> 0x401efc <countArgs101>:	mov    (%r10),%r10
2: /x $rax = 0x2
3: /x $rbx = 0xa
4: /x $rcx = 0x9
5: /x $rdx = 0x605590
6: /x $rdi = 0x0
7: /x $rsi = 0x6055a0
8: /x $rbp = 0x7fffffffdcd0
9: /x $rsp = 0x7fffffffdcd0
10: $eflags = [ IF ]
11: /x $r8 = 0x605000
12: /x $r9 = 0xd
13: /x $r10 = 0x604751
14: /x $r11 = 0x0
15: /x $r12 = 0xa
16: /x $r13 = 0x2
17: /x $r14 = 0x0
18: /x $r15 = 0x0
0x0000000000401eff in countArgs101 ()
1: x/i $pc
=> 0x401eff <countArgs101+3>:	mov    %r10,%r12
2: /x $rax = 0x2
3: /x $rbx = 0xa
4: /x $rcx = 0x9
5: /x $rdx = 0x605590
6: /x $rdi = 0x0
7: /x $rsi = 0x6055a0
8: /x $rbp = 0x7fffffffdcd0
9: /x $rsp = 0x7fffffffdcd0
10: $eflags = [ IF ]
11: /x $r8 = 0x605000
12: /x $r9 = 0xd
13: /x $r10 = 0x1c6400006f1a
14: /x $r11 = 0x0
15: /x $r12 = 0xa
16: /x $r13 = 0x2
17: /x $r14 = 0x0
18: /x $r15 = 0x0
0x0000000000401f02 in countArgs101 ()
1: x/i $pc
=> 0x401f02 <countArgs101+6>:	and    $0xf,%r12
2: /x $rax = 0x2
3: /x $rbx = 0xa
4: /x $rcx = 0x9
5: /x $rdx = 0x605590
6: /x $rdi = 0x0
7: /x $rsi = 0x6055a0
8: /x $rbp = 0x7fffffffdcd0
9: /x $rsp = 0x7fffffffdcd0
10: $eflags = [ IF ]
11: /x $r8 = 0x605000
12: /x $r9 = 0xd
13: /x $r10 = 0x1c6400006f1a
14: /x $r11 = 0x0
15: /x $r12 = 0x1c6400006f1a
16: /x $r13 = 0x2
17: /x $r14 = 0x0
18: /x $r15 = 0x0
0x0000000000401f06 in countArgs101 ()
1: x/i $pc
=> 0x401f06 <countArgs101+10>:	cmp    $0x2,%r12
2: /x $rax = 0x2
3: /x $rbx = 0xa
4: /x $rcx = 0x9
5: /x $rdx = 0x605590
6: /x $rdi = 0x0
7: /x $rsi = 0x6055a0
8: /x $rbp = 0x7fffffffdcd0
9: /x $rsp = 0x7fffffffdcd0
10: $eflags = [ PF IF ]
11: /x $r8 = 0x605000
12: /x $r9 = 0xd
13: /x $r10 = 0x1c6400006f1a
14: /x $r11 = 0x0
15: /x $r12 = 0xa
16: /x $r13 = 0x2
17: /x $r14 = 0x0
18: /x $r15 = 0x0
0x0000000000401f0a in countArgs101 ()
1: x/i $pc
=> 0x401f0a <countArgs101+14>:	je     0x401f20 <endCountArgs101>
2: /x $rax = 0x2
3: /x $rbx = 0xa
4: /x $rcx = 0x9
5: /x $rdx = 0x605590
6: /x $rdi = 0x0
7: /x $rsi = 0x6055a0
8: /x $rbp = 0x7fffffffdcd0
9: /x $rsp = 0x7fffffffdcd0
10: $eflags = [ IF ]
11: /x $r8 = 0x605000
12: /x $r9 = 0xd
13: /x $r10 = 0x1c6400006f1a
14: /x $r11 = 0x0
15: /x $r12 = 0xa
16: /x $r13 = 0x2
17: /x $r14 = 0x0
18: /x $r15 = 0x0
0x0000000000401f0c in countArgs101 ()
1: x/i $pc
=> 0x401f0c <countArgs101+16>:	shl    $0x1e,%r10
2: /x $rax = 0x2
3: /x $rbx = 0xa
4: /x $rcx = 0x9
5: /x $rdx = 0x605590
6: /x $rdi = 0x0
7: /x $rsi = 0x6055a0
8: /x $rbp = 0x7fffffffdcd0
9: /x $rsp = 0x7fffffffdcd0
10: $eflags = [ IF ]
11: /x $r8 = 0x605000
12: /x $r9 = 0xd
13: /x $r10 = 0x1c6400006f1a
14: /x $r11 = 0x0
15: /x $r12 = 0xa
16: /x $r13 = 0x2
17: /x $r14 = 0x0
18: /x $r15 = 0x0
0x0000000000401f10 in countArgs101 ()
1: x/i $pc
=> 0x401f10 <countArgs101+20>:	sar    $0x22,%r10
2: /x $rax = 0x2
3: /x $rbx = 0xa
4: /x $rcx = 0x9
5: /x $rdx = 0x605590
6: /x $rdi = 0x0
7: /x $rsi = 0x6055a0
8: /x $rbp = 0x7fffffffdcd0
9: /x $rsp = 0x7fffffffdcd0
10: $eflags = [ CF PF IF ]
11: /x $r8 = 0x605000
12: /x $r9 = 0xd
13: /x $r10 = 0x1bc680000000
14: /x $r11 = 0x0
15: /x $r12 = 0xa
16: /x $r13 = 0x2
17: /x $r14 = 0x0
18: /x $r15 = 0x0
0x0000000000401f14 in countArgs101 ()
1: x/i $pc
=> 0x401f14 <countArgs101+24>:	add    $0x604040,%r10
2: /x $rax = 0x2
3: /x $rbx = 0xa
4: /x $rcx = 0x9
5: /x $rdx = 0x605590
6: /x $rdi = 0x0
7: /x $rsi = 0x6055a0
8: /x $rbp = 0x7fffffffdcd0
9: /x $rsp = 0x7fffffffdcd0
10: $eflags = [ CF IF ]
11: /x $r8 = 0x605000
12: /x $r9 = 0xd
13: /x $r10 = 0x6f1
14: /x $r11 = 0x0
15: /x $r12 = 0xa
16: /x $r13 = 0x2
17: /x $r14 = 0x0
18: /x $r15 = 0x0
0x0000000000401f1b in countArgs101 ()
1: x/i $pc
=> 0x401f1b <countArgs101+31>:	inc    %r13
2: /x $rax = 0x2
3: /x $rbx = 0xa
4: /x $rcx = 0x9
5: /x $rdx = 0x605590
6: /x $rdi = 0x0
7: /x $rsi = 0x6055a0
8: /x $rbp = 0x7fffffffdcd0
9: /x $rsp = 0x7fffffffdcd0
10: $eflags = [ IF ]
11: /x $r8 = 0x605000
12: /x $r9 = 0xd
13: /x $r10 = 0x604731
14: /x $r11 = 0x0
15: /x $r12 = 0xa
16: /x $r13 = 0x2
17: /x $r14 = 0x0
18: /x $r15 = 0x0
0x0000000000401f1e in countArgs101 ()
1: x/i $pc
=> 0x401f1e <countArgs101+34>:	jmp    0x401efc <countArgs101>
2: /x $rax = 0x2
3: /x $rbx = 0xa
4: /x $rcx = 0x9
5: /x $rdx = 0x605590
6: /x $rdi = 0x0
7: /x $rsi = 0x6055a0
8: /x $rbp = 0x7fffffffdcd0
9: /x $rsp = 0x7fffffffdcd0
10: $eflags = [ PF IF ]
11: /x $r8 = 0x605000
12: /x $r9 = 0xd
13: /x $r10 = 0x604731
14: /x $r11 = 0x0
15: /x $r12 = 0xa
16: /x $r13 = 0x3
17: /x $r14 = 0x0
18: /x $r15 = 0x0
0x0000000000401efc in countArgs101 ()
1: x/i $pc
=> 0x401efc <countArgs101>:	mov    (%r10),%r10
2: /x $rax = 0x2
3: /x $rbx = 0xa
4: /x $rcx = 0x9
5: /x $rdx = 0x605590
6: /x $rdi = 0x0
7: /x $rsi = 0x6055a0
8: /x $rbp = 0x7fffffffdcd0
9: /x $rsp = 0x7fffffffdcd0
10: $eflags = [ PF IF ]
11: /x $r8 = 0x605000
12: /x $r9 = 0xd
13: /x $r10 = 0x604731
14: /x $r11 = 0x0
15: /x $r12 = 0xa
16: /x $r13 = 0x3
17: /x $r14 = 0x0
18: /x $r15 = 0x0
0x0000000000401eff in countArgs101 ()
1: x/i $pc
=> 0x401eff <countArgs101+3>:	mov    %r10,%r12
2: /x $rax = 0x2
3: /x $rbx = 0xa
4: /x $rcx = 0x9
5: /x $rdx = 0x605590
6: /x $rdi = 0x0
7: /x $rsi = 0x6055a0
8: /x $rbp = 0x7fffffffdcd0
9: /x $rsp = 0x7fffffffdcd0
10: $eflags = [ PF IF ]
11: /x $r8 = 0x605000
12: /x $r9 = 0xd
13: /x $r10 = 0x2
14: /x $r11 = 0x0
15: /x $r12 = 0xa
16: /x $r13 = 0x3
17: /x $r14 = 0x0
18: /x $r15 = 0x0
0x0000000000401f02 in countArgs101 ()
1: x/i $pc
=> 0x401f02 <countArgs101+6>:	and    $0xf,%r12
2: /x $rax = 0x2
3: /x $rbx = 0xa
4: /x $rcx = 0x9
5: /x $rdx = 0x605590
6: /x $rdi = 0x0
7: /x $rsi = 0x6055a0
8: /x $rbp = 0x7fffffffdcd0
9: /x $rsp = 0x7fffffffdcd0
10: $eflags = [ PF IF ]
11: /x $r8 = 0x605000
12: /x $r9 = 0xd
13: /x $r10 = 0x2
14: /x $r11 = 0x0
15: /x $r12 = 0x2
16: /x $r13 = 0x3
17: /x $r14 = 0x0
18: /x $r15 = 0x0
0x0000000000401f06 in countArgs101 ()
1: x/i $pc
=> 0x401f06 <countArgs101+10>:	cmp    $0x2,%r12
2: /x $rax = 0x2
3: /x $rbx = 0xa
4: /x $rcx = 0x9
5: /x $rdx = 0x605590
6: /x $rdi = 0x0
7: /x $rsi = 0x6055a0
8: /x $rbp = 0x7fffffffdcd0
9: /x $rsp = 0x7fffffffdcd0
10: $eflags = [ IF ]
11: /x $r8 = 0x605000
12: /x $r9 = 0xd
13: /x $r10 = 0x2
14: /x $r11 = 0x0
15: /x $r12 = 0x2
16: /x $r13 = 0x3
17: /x $r14 = 0x0
18: /x $r15 = 0x0
0x0000000000401f0a in countArgs101 ()
1: x/i $pc
=> 0x401f0a <countArgs101+14>:	je     0x401f20 <endCountArgs101>
2: /x $rax = 0x2
3: /x $rbx = 0xa
4: /x $rcx = 0x9
5: /x $rdx = 0x605590
6: /x $rdi = 0x0
7: /x $rsi = 0x6055a0
8: /x $rbp = 0x7fffffffdcd0
9: /x $rsp = 0x7fffffffdcd0
10: $eflags = [ PF ZF IF ]
11: /x $r8 = 0x605000
12: /x $r9 = 0xd
13: /x $r10 = 0x2
14: /x $r11 = 0x0
15: /x $r12 = 0x2
16: /x $r13 = 0x3
17: /x $r14 = 0x0
18: /x $r15 = 0x0
0x0000000000401f20 in endCountArgs101 ()
1: x/i $pc
=> 0x401f20 <endCountArgs101>:	mov    0x20(%rbp),%r10
2: /x $rax = 0x2
3: /x $rbx = 0xa
4: /x $rcx = 0x9
5: /x $rdx = 0x605590
6: /x $rdi = 0x0
7: /x $rsi = 0x6055a0
8: /x $rbp = 0x7fffffffdcd0
9: /x $rsp = 0x7fffffffdcd0
10: $eflags = [ PF ZF IF ]
11: /x $r8 = 0x605000
12: /x $r9 = 0xd
13: /x $r10 = 0x2
14: /x $r11 = 0x0
15: /x $r12 = 0x2
16: /x $r13 = 0x3
17: /x $r14 = 0x0
18: /x $r15 = 0x0
0x0000000000401f24 in endCountArgs101 ()
1: x/i $pc
=> 0x401f24 <endCountArgs101+4>:	mov    0xa,%r10
2: /x $rax = 0x2
3: /x $rbx = 0xa
4: /x $rcx = 0x9
5: /x $rdx = 0x605590
6: /x $rdi = 0x0
7: /x $rsi = 0x6055a0
8: /x $rbp = 0x7fffffffdcd0
9: /x $rsp = 0x7fffffffdcd0
10: $eflags = [ PF ZF IF ]
11: /x $r8 = 0x605000
12: /x $r9 = 0xd
13: /x $r10 = 0x6045b1
14: /x $r11 = 0x0
15: /x $r12 = 0x2
16: /x $r13 = 0x3
17: /x $r14 = 0x0
18: /x $r15 = 0x0

Program received signal SIGSEGV, Segmentation fault.
0x0000000000401f24 in endCountArgs101 ()
1: x/i $pc
=> 0x401f24 <endCountArgs101+4>:	mov    0xa,%r10
2: /x $rax = 0x2
3: /x $rbx = 0xa
4: /x $rcx = 0x9
5: /x $rdx = 0x605590
6: /x $rdi = 0x0
7: /x $rsi = 0x6055a0
8: /x $rbp = 0x7fffffffdcd0
9: /x $rsp = 0x7fffffffdcd0
10: $eflags = [ PF ZF IF RF ]
11: /x $r8 = 0x605000
12: /x $r9 = 0xd
13: /x $r10 = 0x6045b1
14: /x $r11 = 0x0
15: /x $r12 = 0x2
16: /x $r13 = 0x3
17: /x $r14 = 0x0
18: /x $r15 = 0x0
Breakpoint 1 at 0x401f20
SIGTRAP is used by the debugger.
Are you sure you want to change it? (y or n) [answered Y; input not from terminal]

Breakpoint 1, 0x0000000000401f20 in endCountArgs101 ()
1: x/i $pc
=> 0x401f20 <endCountArgs101>:	mov    0x20(%rbp),%r10
2: /x $rax = 0x2
3: /x $rbx = 0xa
4: /x $rcx = 0x9
5: /x $rdx = 0x605590
6: /x $rdi = 0x0
7: /x $rsi = 0x6055a0
8: /x $rbp = 0x7fffffffdcd0
9: /x $rsp = 0x7fffffffdcd0
10: $eflags = [ PF ZF IF ]
11: /x $r8 = 0x605000
12: /x $r9 = 0xd
13: /x $r10 = 0x2
14: /x $r11 = 0x0
15: /x $r12 = 0x2
16: /x $r13 = 0x3
17: /x $r14 = 0x0
18: /x $r15 = 0x0
0x7fffffffdcd0:	0xffffdd00	0x00007fff	0x004032c7	0x00000000
0x7fffffffdce0:	0x00000001	0x00000000	0x00000002	0x00000000
0x7fffffffdcf0:	0x006045b1	0x00000000	0x00604761	0x00000000
0x7fffffffdd00:	0xffffdd08	0x00007fff	0xf7a2d830	0x00007fff
0x7fffffffdd10:	0x00000000	0x00000000	0xffffdde8	0x00007fff
0x7fffffffdd20:	0xf7ffcca0	0x00000001	0x00400684	0x00000000
0x7fffffffdd30:	0x00000000	0x00000000	0xa5d8a4e5	0xbdea0e0a
0x7fffffffdd40:	0x004004c0	0x00000000	0xffffdde0	0x00007fff
0x7fffffffdd50:	0x00000000	0x00000000	0x00000000	0x00000000
0x7fffffffdd60:	0x1478a4e5	0x4215f175	0x0188a4e5	0x4215e1cf
0x7fffffffdd70:	0x00000000	0x00007fff	0x00000000	0x00000000
0x7fffffffdd80:	0x00000000	0x00000000	0x00400630	0x00000000
0x7fffffffdd90:	0xf7de7ab0	0x00007fff	0xf7de77cb	0x00007fff
0x7fffffffdda0:	0x00000000	0x00000000	0x00000000	0x00000000
0x7fffffffddb0:	0x004004c0	0x00000000	0xffffdde0	0x00007fff
0x7fffffffddc0:	0x00000000	0x00000000	0x004004e9	0x00000000
0x0000000000401f24 in endCountArgs101 ()
1: x/i $pc
=> 0x401f24 <endCountArgs101+4>:	mov    (%r10),%r10
2: /x $rax = 0x2
3: /x $rbx = 0xa
4: /x $rcx = 0x9
5: /x $rdx = 0x605590
6: /x $rdi = 0x0
7: /x $rsi = 0x6055a0
8: /x $rbp = 0x7fffffffdcd0
9: /x $rsp = 0x7fffffffdcd0
10: $eflags = [ PF ZF IF ]
11: /x $r8 = 0x605000
12: /x $r9 = 0xd
13: /x $r10 = 0x6045b1
14: /x $r11 = 0x0
15: /x $r12 = 0x2
16: /x $r13 = 0x3
17: /x $r14 = 0x0
18: /x $r15 = 0x0
0x0000000000401f27 in endCountArgs101 ()
1: x/i $pc
=> 0x401f27 <endCountArgs101+7>:	lea    0x28(%rbp),%r12
2: /x $rax = 0x2
3: /x $rbx = 0xa
4: /x $rcx = 0x9
5: /x $rdx = 0x605590
6: /x $rdi = 0x0
7: /x $rsi = 0x6055a0
8: /x $rbp = 0x7fffffffdcd0
9: /x $rsp = 0x7fffffffdcd0
10: $eflags = [ PF ZF IF ]
11: /x $r8 = 0x605000
12: /x $r9 = 0xd
13: /x $r10 = 0xfe7eff0400012189
14: /x $r11 = 0x0
15: /x $r12 = 0x2
16: /x $r13 = 0x3
17: /x $r14 = 0x0
18: /x $r15 = 0x0
0x0000000000401f2b in endCountArgs101 ()
1: x/i $pc
=> 0x401f2b <endCountArgs101+11>:	mov    %r13,%r14
2: /x $rax = 0x2
3: /x $rbx = 0xa
4: /x $rcx = 0x9
5: /x $rdx = 0x605590
6: /x $rdi = 0x0
7: /x $rsi = 0x6055a0
8: /x $rbp = 0x7fffffffdcd0
9: /x $rsp = 0x7fffffffdcd0
10: $eflags = [ PF ZF IF ]
11: /x $r8 = 0x605000
12: /x $r9 = 0xd
13: /x $r10 = 0xfe7eff0400012189
14: /x $r11 = 0x0
15: /x $r12 = 0x7fffffffdcf8
16: /x $r13 = 0x3
17: /x $r14 = 0x0
18: /x $r15 = 0x0
0x7fffffffdcd0:	0xffffdd00	0x00007fff	0x004032c7	0x00000000
0x7fffffffdce0:	0x00000001	0x00000000	0x00000002	0x00000000
0x7fffffffdcf0:	0x006045b1	0x00000000	0x00604761	0x00000000
0x7fffffffdd00:	0xffffdd08	0x00007fff	0xf7a2d830	0x00007fff
0x7fffffffdd10:	0x00000000	0x00000000	0xffffdde8	0x00007fff
0x7fffffffdd20:	0xf7ffcca0	0x00000001	0x00400684	0x00000000
0x7fffffffdd30:	0x00000000	0x00000000	0xa5d8a4e5	0xbdea0e0a
0x7fffffffdd40:	0x004004c0	0x00000000	0xffffdde0	0x00007fff
0x0000000000401f2e in endCountArgs101 ()
1: x/i $pc
=> 0x401f2e <endCountArgs101+14>:	lea    0x10(%rbp),%r15
2: /x $rax = 0x2
3: /x $rbx = 0xa
4: /x $rcx = 0x9
5: /x $rdx = 0x605590
6: /x $rdi = 0x0
7: /x $rsi = 0x6055a0
8: /x $rbp = 0x7fffffffdcd0
9: /x $rsp = 0x7fffffffdcd0
10: $eflags = [ PF ZF IF ]
11: /x $r8 = 0x605000
12: /x $r9 = 0xd
13: /x $r10 = 0xfe7eff0400012189
14: /x $r11 = 0x0
15: /x $r12 = 0x7fffffffdcf8
16: /x $r13 = 0x3
17: /x $r14 = 0x3
18: /x $r15 = 0x0
0x0000000000401f32 in endCountArgs101 ()
1: x/i $pc
=> 0x401f32 <endCountArgs101+18>:	shl    $0x3,%r13
2: /x $rax = 0x2
3: /x $rbx = 0xa
4: /x $rcx = 0x9
5: /x $rdx = 0x605590
6: /x $rdi = 0x0
7: /x $rsi = 0x6055a0
8: /x $rbp = 0x7fffffffdcd0
9: /x $rsp = 0x7fffffffdcd0
10: $eflags = [ PF ZF IF ]
11: /x $r8 = 0x605000
12: /x $r9 = 0xd
13: /x $r10 = 0xfe7eff0400012189
14: /x $r11 = 0x0
15: /x $r12 = 0x7fffffffdcf8
16: /x $r13 = 0x3
17: /x $r14 = 0x3
18: /x $r15 = 0x7fffffffdce0
0x7fffffffdcd0:	0xffffdd00	0x00007fff	0x004032c7	0x00000000
0x7fffffffdce0:	0x00000001	0x00000000	0x00000002	0x00000000
0x7fffffffdcf0:	0x006045b1	0x00000000	0x00604761	0x00000000
0x7fffffffdd00:	0xffffdd08	0x00007fff	0xf7a2d830	0x00007fff
0x7fffffffdd10:	0x00000000	0x00000000	0xffffdde8	0x00007fff
0x7fffffffdd20:	0xf7ffcca0	0x00000001	0x00400684	0x00000000
0x7fffffffdd30:	0x00000000	0x00000000	0xa5d8a4e5	0xbdea0e0a
0x7fffffffdd40:	0x004004c0	0x00000000	0xffffdde0	0x00007fff
0x7fffffffdd50:	0x00000000	0x00000000	0x00000000	0x00000000
0x7fffffffdd60:	0x1478a4e5	0x4215f175	0x0188a4e5	0x4215e1cf
0x7fffffffdd70:	0x00000000	0x00007fff	0x00000000	0x00000000
0x7fffffffdd80:	0x00000000	0x00000000	0x00400630	0x00000000
0x7fffffffdd90:	0xf7de7ab0	0x00007fff	0xf7de77cb	0x00007fff
0x7fffffffdda0:	0x00000000	0x00000000	0x00000000	0x00000000
0x7fffffffddb0:	0x004004c0	0x00000000	0xffffdde0	0x00007fff
0x7fffffffddc0:	0x00000000	0x00000000	0x004004e9	0x00000000
0x0000000000401f36 in endCountArgs101 ()
1: x/i $pc
=> 0x401f36 <endCountArgs101+22>:	sub    %r13,%r15
2: /x $rax = 0x2
3: /x $rbx = 0xa
4: /x $rcx = 0x9
5: /x $rdx = 0x605590
6: /x $rdi = 0x0
7: /x $rsi = 0x6055a0
8: /x $rbp = 0x7fffffffdcd0
9: /x $rsp = 0x7fffffffdcd0
10: $eflags = [ PF IF ]
11: /x $r8 = 0x605000
12: /x $r9 = 0xd
13: /x $r10 = 0xfe7eff0400012189
14: /x $r11 = 0x0
15: /x $r12 = 0x7fffffffdcf8
16: /x $r13 = 0x18
17: /x $r14 = 0x3
18: /x $r15 = 0x7fffffffdce0
0x7fffffffdcd0:	0xffffdd00	0x00007fff	0x004032c7	0x00000000
0x7fffffffdce0:	0x00000001	0x00000000	0x00000002	0x00000000
0x7fffffffdcf0:	0x006045b1	0x00000000	0x00604761	0x00000000
0x7fffffffdd00:	0xffffdd08	0x00007fff	0xf7a2d830	0x00007fff
0x7fffffffdd10:	0x00000000	0x00000000	0xffffdde8	0x00007fff
0x7fffffffdd20:	0xf7ffcca0	0x00000001	0x00400684	0x00000000
0x7fffffffdd30:	0x00000000	0x00000000	0xa5d8a4e5	0xbdea0e0a
0x7fffffffdd40:	0x004004c0	0x00000000	0xffffdde0	0x00007fff
0x0000000000401f39 in endCountArgs101 ()
1: x/i $pc
=> 0x401f39 <endCountArgs101+25>:	mov    %r15,%r11
2: /x $rax = 0x2
3: /x $rbx = 0xa
4: /x $rcx = 0x9
5: /x $rdx = 0x605590
6: /x $rdi = 0x0
7: /x $rsi = 0x6055a0
8: /x $rbp = 0x7fffffffdcd0
9: /x $rsp = 0x7fffffffdcd0
10: $eflags = [ AF IF ]
11: /x $r8 = 0x605000
12: /x $r9 = 0xd
13: /x $r10 = 0xfe7eff0400012189
14: /x $r11 = 0x0
15: /x $r12 = 0x7fffffffdcf8
16: /x $r13 = 0x18
17: /x $r14 = 0x3
18: /x $r15 = 0x7fffffffdcc8
0x7fffffffdcd0:	0xffffdd00	0x00007fff	0x004032c7	0x00000000
0x7fffffffdce0:	0x00000001	0x00000000	0x00000002	0x00000000
0x7fffffffdcf0:	0x006045b1	0x00000000	0x00604761	0x00000000
0x7fffffffdd00:	0xffffdd08	0x00007fff	0xf7a2d830	0x00007fff
0x7fffffffdd10:	0x00000000	0x00000000	0xffffdde8	0x00007fff
0x7fffffffdd20:	0xf7ffcca0	0x00000001	0x00400684	0x00000000
0x7fffffffdd30:	0x00000000	0x00000000	0xa5d8a4e5	0xbdea0e0a
0x7fffffffdd40:	0x004004c0	0x00000000	0xffffdde0	0x00007fff
0x7fffffffdcc8:	0x00000000	0x00000000	0xffffdd00	0x00007fff
0x7fffffffdcd8:	0x004032c7	0x00000000	0x00000001	0x00000000
0x7fffffffdce8:	0x00000002	0x00000000	0x006045b1	0x00000000
0x7fffffffdcf8:	0x00604761	0x00000000	0xffffdd08	0x00007fff
0x7fffffffdd08:	0xf7a2d830	0x00007fff	0x00000000	0x00000000
0x7fffffffdd18:	0xffffdde8	0x00007fff	0xf7ffcca0	0x00000001
0x7fffffffdd28:	0x00400684	0x00000000	0x00000000	0x00000000
0x7fffffffdd38:	0xa5d8a4e5	0xbdea0e0a	0x004004c0	0x00000000
0x0000000000401f3c in endCountArgs101 ()
1: x/i $pc
=> 0x401f3c <endCountArgs101+28>:	mov    0x8(%rbp),%r8
2: /x $rax = 0x2
3: /x $rbx = 0xa
4: /x $rcx = 0x9
5: /x $rdx = 0x605590
6: /x $rdi = 0x0
7: /x $rsi = 0x6055a0
8: /x $rbp = 0x7fffffffdcd0
9: /x $rsp = 0x7fffffffdcd0
10: $eflags = [ AF IF ]
11: /x $r8 = 0x605000
12: /x $r9 = 0xd
13: /x $r10 = 0xfe7eff0400012189
14: /x $r11 = 0x7fffffffdcc8
15: /x $r12 = 0x7fffffffdcf8
16: /x $r13 = 0x18
17: /x $r14 = 0x3
18: /x $r15 = 0x7fffffffdcc8
0x0000000000401f40 in endCountArgs101 ()
1: x/i $pc
=> 0x401f40 <endCountArgs101+32>:	mov    0x0(%rbp),%rbx
2: /x $rax = 0x2
3: /x $rbx = 0xa
4: /x $rcx = 0x9
5: /x $rdx = 0x605590
6: /x $rdi = 0x0
7: /x $rsi = 0x6055a0
8: /x $rbp = 0x7fffffffdcd0
9: /x $rsp = 0x7fffffffdcd0
10: $eflags = [ AF IF ]
11: /x $r8 = 0x4032c7
12: /x $r9 = 0xd
13: /x $r10 = 0xfe7eff0400012189
14: /x $r11 = 0x7fffffffdcc8
15: /x $r12 = 0x7fffffffdcf8
16: /x $r13 = 0x18
17: /x $r14 = 0x3
18: /x $r15 = 0x7fffffffdcc8
0x7fffffffdcd0:	0xffffdd00	0x00007fff	0x004032c7	0x00000000
0x7fffffffdce0:	0x00000001	0x00000000	0x00000002	0x00000000
0x7fffffffdcf0:	0x006045b1	0x00000000	0x00604761	0x00000000
0x7fffffffdd00:	0xffffdd08	0x00007fff	0xf7a2d830	0x00007fff
0x7fffffffdd10:	0x00000000	0x00000000	0xffffdde8	0x00007fff
0x7fffffffdd20:	0xf7ffcca0	0x00000001	0x00400684	0x00000000
0x7fffffffdd30:	0x00000000	0x00000000	0xa5d8a4e5	0xbdea0e0a
0x7fffffffdd40:	0x004004c0	0x00000000	0xffffdde0	0x00007fff
0x0000000000401f44 in endCountArgs101 ()
1: x/i $pc
=> 0x401f44 <endCountArgs101+36>:	mov    %rbx,(%r15)
2: /x $rax = 0x2
3: /x $rbx = 0x7fffffffdd00
4: /x $rcx = 0x9
5: /x $rdx = 0x605590
6: /x $rdi = 0x0
7: /x $rsi = 0x6055a0
8: /x $rbp = 0x7fffffffdcd0
9: /x $rsp = 0x7fffffffdcd0
10: $eflags = [ AF IF ]
11: /x $r8 = 0x4032c7
12: /x $r9 = 0xd
13: /x $r10 = 0xfe7eff0400012189
14: /x $r11 = 0x7fffffffdcc8
15: /x $r12 = 0x7fffffffdcf8
16: /x $r13 = 0x18
17: /x $r14 = 0x3
18: /x $r15 = 0x7fffffffdcc8
0x0000000000401f47 in endCountArgs101 ()
1: x/i $pc
=> 0x401f47 <endCountArgs101+39>:	add    $0x8,%r15
2: /x $rax = 0x2
3: /x $rbx = 0x7fffffffdd00
4: /x $rcx = 0x9
5: /x $rdx = 0x605590
6: /x $rdi = 0x0
7: /x $rsi = 0x6055a0
8: /x $rbp = 0x7fffffffdcd0
9: /x $rsp = 0x7fffffffdcd0
10: $eflags = [ AF IF ]
11: /x $r8 = 0x4032c7
12: /x $r9 = 0xd
13: /x $r10 = 0xfe7eff0400012189
14: /x $r11 = 0x7fffffffdcc8
15: /x $r12 = 0x7fffffffdcf8
16: /x $r13 = 0x18
17: /x $r14 = 0x3
18: /x $r15 = 0x7fffffffdcc8
0x7fffffffdcc8:	0xffffdd00	0x00007fff	0xffffdd00	0x00007fff
0x7fffffffdcd8:	0x004032c7	0x00000000	0x00000001	0x00000000
0x7fffffffdce8:	0x00000002	0x00000000	0x006045b1	0x00000000
0x7fffffffdcf8:	0x00604761	0x00000000	0xffffdd08	0x00007fff
0x7fffffffdd08:	0xf7a2d830	0x00007fff	0x00000000	0x00000000
0x7fffffffdd18:	0xffffdde8	0x00007fff	0xf7ffcca0	0x00000001
0x7fffffffdd28:	0x00400684	0x00000000	0x00000000	0x00000000
0x7fffffffdd38:	0xa5d8a4e5	0xbdea0e0a	0x004004c0	0x00000000
0x0000000000401f4b in endCountArgs101 ()
1: x/i $pc
=> 0x401f4b <endCountArgs101+43>:	mov    %r8,(%r15)
2: /x $rax = 0x2
3: /x $rbx = 0x7fffffffdd00
4: /x $rcx = 0x9
5: /x $rdx = 0x605590
6: /x $rdi = 0x0
7: /x $rsi = 0x6055a0
8: /x $rbp = 0x7fffffffdcd0
9: /x $rsp = 0x7fffffffdcd0
10: $eflags = [ AF IF ]
11: /x $r8 = 0x4032c7
12: /x $r9 = 0xd
13: /x $r10 = 0xfe7eff0400012189
14: /x $r11 = 0x7fffffffdcc8
15: /x $r12 = 0x7fffffffdcf8
16: /x $r13 = 0x18
17: /x $r14 = 0x3
18: /x $r15 = 0x7fffffffdcd0
0x7fffffffdcc8:	0xffffdd00	0x00007fff	0xffffdd00	0x00007fff
0x7fffffffdcd8:	0x004032c7	0x00000000	0x00000001	0x00000000
0x7fffffffdce8:	0x00000002	0x00000000	0x006045b1	0x00000000
0x7fffffffdcf8:	0x00604761	0x00000000	0xffffdd08	0x00007fff
0x7fffffffdd08:	0xf7a2d830	0x00007fff	0x00000000	0x00000000
0x7fffffffdd18:	0xffffdde8	0x00007fff	0xf7ffcca0	0x00000001
0x7fffffffdd28:	0x00400684	0x00000000	0x00000000	0x00000000
0x7fffffffdd38:	0xa5d8a4e5	0xbdea0e0a	0x004004c0	0x00000000
0x0000000000401f4e in endCountArgs101 ()
1: x/i $pc
=> 0x401f4e <endCountArgs101+46>:	sar    $0x22,%r10
2: /x $rax = 0x2
3: /x $rbx = 0x7fffffffdd00
4: /x $rcx = 0x9
5: /x $rdx = 0x605590
6: /x $rdi = 0x0
7: /x $rsi = 0x6055a0
8: /x $rbp = 0x7fffffffdcd0
9: /x $rsp = 0x7fffffffdcd0
10: $eflags = [ AF IF ]
11: /x $r8 = 0x4032c7
12: /x $r9 = 0xd
13: /x $r10 = 0xfe7eff0400012189
14: /x $r11 = 0x7fffffffdcc8
15: /x $r12 = 0x7fffffffdcf8
16: /x $r13 = 0x18
17: /x $r14 = 0x3
18: /x $r15 = 0x7fffffffdcd0
0x7fffffffdcc8:	0xffffdd00	0x00007fff	0x004032c7	0x00000000
0x7fffffffdcd8:	0x004032c7	0x00000000	0x00000001	0x00000000
0x7fffffffdce8:	0x00000002	0x00000000	0x006045b1	0x00000000
0x7fffffffdcf8:	0x00604761	0x00000000	0xffffdd08	0x00007fff
0x7fffffffdd08:	0xf7a2d830	0x00007fff	0x00000000	0x00000000
0x7fffffffdd18:	0xffffdde8	0x00007fff	0xf7ffcca0	0x00000001
0x7fffffffdd28:	0x00400684	0x00000000	0x00000000	0x00000000
0x7fffffffdd38:	0xa5d8a4e5	0xbdea0e0a	0x004004c0	0x00000000
0x0000000000401f52 in endCountArgs101 ()
1: x/i $pc
=> 0x401f52 <endCountArgs101+50>:	add    $0x604040,%r10
2: /x $rax = 0x2
3: /x $rbx = 0x7fffffffdd00
4: /x $rcx = 0x9
5: /x $rdx = 0x605590
6: /x $rdi = 0x0
7: /x $rsi = 0x6055a0
8: /x $rbp = 0x7fffffffdcd0
9: /x $rsp = 0x7fffffffdcd0
10: $eflags = [ SF IF ]
11: /x $r8 = 0x4032c7
12: /x $r9 = 0xd
13: /x $r10 = 0xffffffffff9fbfc1
14: /x $r11 = 0x7fffffffdcc8
15: /x $r12 = 0x7fffffffdcf8
16: /x $r13 = 0x18
17: /x $r14 = 0x3
18: /x $r15 = 0x7fffffffdcd0
0x0000000000401f59 in endCountArgs101 ()
1: x/i $pc
=> 0x401f59 <endCountArgs101+57>:	add    $0x8,%r15
2: /x $rax = 0x2
3: /x $rbx = 0x7fffffffdd00
4: /x $rcx = 0x9
5: /x $rdx = 0x605590
6: /x $rdi = 0x0
7: /x $rsi = 0x6055a0
8: /x $rbp = 0x7fffffffdcd0
9: /x $rsp = 0x7fffffffdcd0
10: $eflags = [ CF IF ]
11: /x $r8 = 0x4032c7
12: /x $r9 = 0xd
13: /x $r10 = 0x1
14: /x $r11 = 0x7fffffffdcc8
15: /x $r12 = 0x7fffffffdcf8
16: /x $r13 = 0x18
17: /x $r14 = 0x3
18: /x $r15 = 0x7fffffffdcd0
0x7fffffffdcc8:	0xffffdd00	0x00007fff	0x004032c7	0x00000000
0x7fffffffdcd8:	0x004032c7	0x00000000	0x00000001	0x00000000
0x7fffffffdce8:	0x00000002	0x00000000	0x006045b1	0x00000000
0x7fffffffdcf8:	0x00604761	0x00000000	0xffffdd08	0x00007fff
0x7fffffffdd08:	0xf7a2d830	0x00007fff	0x00000000	0x00000000
0x7fffffffdd18:	0xffffdde8	0x00007fff	0xf7ffcca0	0x00000001
0x7fffffffdd28:	0x00400684	0x00000000	0x00000000	0x00000000
0x7fffffffdd38:	0xa5d8a4e5	0xbdea0e0a	0x004004c0	0x00000000
0x0000000000401f5d in endCountArgs101 ()
1: x/i $pc
=> 0x401f5d <endCountArgs101+61>:	mov    %r10,(%r15)
2: /x $rax = 0x2
3: /x $rbx = 0x7fffffffdd00
4: /x $rcx = 0x9
5: /x $rdx = 0x605590
6: /x $rdi = 0x0
7: /x $rsi = 0x6055a0
8: /x $rbp = 0x7fffffffdcd0
9: /x $rsp = 0x7fffffffdcd0
10: $eflags = [ PF IF ]
11: /x $r8 = 0x4032c7
12: /x $r9 = 0xd
13: /x $r10 = 0x1
14: /x $r11 = 0x7fffffffdcc8
15: /x $r12 = 0x7fffffffdcf8
16: /x $r13 = 0x18
17: /x $r14 = 0x3
18: /x $r15 = 0x7fffffffdcd8
0x7fffffffdcc8:	0xffffdd00	0x00007fff	0x004032c7	0x00000000
0x7fffffffdcd8:	0x004032c7	0x00000000	0x00000001	0x00000000
0x7fffffffdce8:	0x00000002	0x00000000	0x006045b1	0x00000000
0x7fffffffdcf8:	0x00604761	0x00000000	0xffffdd08	0x00007fff
0x7fffffffdd08:	0xf7a2d830	0x00007fff	0x00000000	0x00000000
0x7fffffffdd18:	0xffffdde8	0x00007fff	0xf7ffcca0	0x00000001
0x7fffffffdd28:	0x00400684	0x00000000	0x00000000	0x00000000
0x7fffffffdd38:	0xa5d8a4e5	0xbdea0e0a	0x004004c0	0x00000000
0x0000000000401f60 in endCountArgs101 ()
1: x/i $pc
=> 0x401f60 <endCountArgs101+64>:	add    $0x8,%r15
2: /x $rax = 0x2
3: /x $rbx = 0x7fffffffdd00
4: /x $rcx = 0x9
5: /x $rdx = 0x605590
6: /x $rdi = 0x0
7: /x $rsi = 0x6055a0
8: /x $rbp = 0x7fffffffdcd0
9: /x $rsp = 0x7fffffffdcd0
10: $eflags = [ PF IF ]
11: /x $r8 = 0x4032c7
12: /x $r9 = 0xd
13: /x $r10 = 0x1
14: /x $r11 = 0x7fffffffdcc8
15: /x $r12 = 0x7fffffffdcf8
16: /x $r13 = 0x18
17: /x $r14 = 0x3
18: /x $r15 = 0x7fffffffdcd8
0x7fffffffdcc8:	0xffffdd00	0x00007fff	0x004032c7	0x00000000
0x7fffffffdcd8:	0x00000001	0x00000000	0x00000001	0x00000000
0x7fffffffdce8:	0x00000002	0x00000000	0x006045b1	0x00000000
0x7fffffffdcf8:	0x00604761	0x00000000	0xffffdd08	0x00007fff
0x7fffffffdd08:	0xf7a2d830	0x00007fff	0x00000000	0x00000000
0x7fffffffdd18:	0xffffdde8	0x00007fff	0xf7ffcca0	0x00000001
0x7fffffffdd28:	0x00400684	0x00000000	0x00000000	0x00000000
0x7fffffffdd38:	0xa5d8a4e5	0xbdea0e0a	0x004004c0	0x00000000
0x0000000000401f64 in endCountArgs101 ()
1: x/i $pc
=> 0x401f64 <endCountArgs101+68>:	mov    %r14,(%r15)
2: /x $rax = 0x2
3: /x $rbx = 0x7fffffffdd00
4: /x $rcx = 0x9
5: /x $rdx = 0x605590
6: /x $rdi = 0x0
7: /x $rsi = 0x6055a0
8: /x $rbp = 0x7fffffffdcd0
9: /x $rsp = 0x7fffffffdcd0
10: $eflags = [ AF IF ]
11: /x $r8 = 0x4032c7
12: /x $r9 = 0xd
13: /x $r10 = 0x1
14: /x $r11 = 0x7fffffffdcc8
15: /x $r12 = 0x7fffffffdcf8
16: /x $r13 = 0x18
17: /x $r14 = 0x3
18: /x $r15 = 0x7fffffffdce0
0x7fffffffdcc8:	0xffffdd00	0x00007fff	0x004032c7	0x00000000
0x7fffffffdcd8:	0x00000001	0x00000000	0x00000001	0x00000000
0x7fffffffdce8:	0x00000002	0x00000000	0x006045b1	0x00000000
0x7fffffffdcf8:	0x00604761	0x00000000	0xffffdd08	0x00007fff
0x7fffffffdd08:	0xf7a2d830	0x00007fff	0x00000000	0x00000000
0x7fffffffdd18:	0xffffdde8	0x00007fff	0xf7ffcca0	0x00000001
0x7fffffffdd28:	0x00400684	0x00000000	0x00000000	0x00000000
0x7fffffffdd38:	0xa5d8a4e5	0xbdea0e0a	0x004004c0	0x00000000
0x0000000000401f67 in endCountArgs101 ()
1: x/i $pc
=> 0x401f67 <endCountArgs101+71>:	add    $0x8,%r15
2: /x $rax = 0x2
3: /x $rbx = 0x7fffffffdd00
4: /x $rcx = 0x9
5: /x $rdx = 0x605590
6: /x $rdi = 0x0
7: /x $rsi = 0x6055a0
8: /x $rbp = 0x7fffffffdcd0
9: /x $rsp = 0x7fffffffdcd0
10: $eflags = [ AF IF ]
11: /x $r8 = 0x4032c7
12: /x $r9 = 0xd
13: /x $r10 = 0x1
14: /x $r11 = 0x7fffffffdcc8
15: /x $r12 = 0x7fffffffdcf8
16: /x $r13 = 0x18
17: /x $r14 = 0x3
18: /x $r15 = 0x7fffffffdce0
0x7fffffffdcc8:	0xffffdd00	0x00007fff	0x004032c7	0x00000000
0x7fffffffdcd8:	0x00000001	0x00000000	0x00000003	0x00000000
0x7fffffffdce8:	0x00000002	0x00000000	0x006045b1	0x00000000
0x7fffffffdcf8:	0x00604761	0x00000000	0xffffdd08	0x00007fff
0x7fffffffdd08:	0xf7a2d830	0x00007fff	0x00000000	0x00000000
0x7fffffffdd18:	0xffffdde8	0x00007fff	0xf7ffcca0	0x00000001
0x7fffffffdd28:	0x00400684	0x00000000	0x00000000	0x00000000
0x7fffffffdd38:	0xa5d8a4e5	0xbdea0e0a	0x004004c0	0x00000000
0x0000000000401f6b in endCountArgs101 ()
1: x/i $pc
=> 0x401f6b <endCountArgs101+75>:	mov    (%r12),%r12
2: /x $rax = 0x2
3: /x $rbx = 0x7fffffffdd00
4: /x $rcx = 0x9
5: /x $rdx = 0x605590
6: /x $rdi = 0x0
7: /x $rsi = 0x6055a0
8: /x $rbp = 0x7fffffffdcd0
9: /x $rsp = 0x7fffffffdcd0
10: $eflags = [ PF IF ]
11: /x $r8 = 0x4032c7
12: /x $r9 = 0xd
13: /x $r10 = 0x1
14: /x $r11 = 0x7fffffffdcc8
15: /x $r12 = 0x7fffffffdcf8
16: /x $r13 = 0x18
17: /x $r14 = 0x3
18: /x $r15 = 0x7fffffffdce8
0x7fffffffdcc8:	0xffffdd00	0x00007fff	0x004032c7	0x00000000
0x7fffffffdcd8:	0x00000001	0x00000000	0x00000003	0x00000000
0x7fffffffdce8:	0x00000002	0x00000000	0x006045b1	0x00000000
0x7fffffffdcf8:	0x00604761	0x00000000	0xffffdd08	0x00007fff
0x7fffffffdd08:	0xf7a2d830	0x00007fff	0x00000000	0x00000000
0x7fffffffdd18:	0xffffdde8	0x00007fff	0xf7ffcca0	0x00000001
0x7fffffffdd28:	0x00400684	0x00000000	0x00000000	0x00000000
0x7fffffffdd38:	0xa5d8a4e5	0xbdea0e0a	0x004004c0	0x00000000
0x0000000000401f6f in copyArgs101 ()
1: x/i $pc
=> 0x401f6f <copyArgs101>:	mov    %r12,%rdx
2: /x $rax = 0x2
3: /x $rbx = 0x7fffffffdd00
4: /x $rcx = 0x9
5: /x $rdx = 0x605590
6: /x $rdi = 0x0
7: /x $rsi = 0x6055a0
8: /x $rbp = 0x7fffffffdcd0
9: /x $rsp = 0x7fffffffdcd0
10: $eflags = [ PF IF ]
11: /x $r8 = 0x4032c7
12: /x $r9 = 0xd
13: /x $r10 = 0x1
14: /x $r11 = 0x7fffffffdcc8
15: /x $r12 = 0x604761
16: /x $r13 = 0x18
17: /x $r14 = 0x3
18: /x $r15 = 0x7fffffffdce8
0x7fffffffdcc8:	0xffffdd00	0x00007fff	0x004032c7	0x00000000
0x7fffffffdcd8:	0x00000001	0x00000000	0x00000003	0x00000000
0x7fffffffdce8:	0x00000002	0x00000000	0x006045b1	0x00000000
0x7fffffffdcf8:	0x00604761	0x00000000	0xffffdd08	0x00007fff
0x7fffffffdd08:	0xf7a2d830	0x00007fff	0x00000000	0x00000000
0x7fffffffdd18:	0xffffdde8	0x00007fff	0xf7ffcca0	0x00000001
0x7fffffffdd28:	0x00400684	0x00000000	0x00000000	0x00000000
0x7fffffffdd38:	0xa5d8a4e5	0xbdea0e0a	0x004004c0	0x00000000
0x0000000000401f72 in copyArgs101 ()
1: x/i $pc
=> 0x401f72 <copyArgs101+3>:	mov    (%rdx),%rdx
2: /x $rax = 0x2
3: /x $rbx = 0x7fffffffdd00
4: /x $rcx = 0x9
5: /x $rdx = 0x604761
6: /x $rdi = 0x0
7: /x $rsi = 0x6055a0
8: /x $rbp = 0x7fffffffdcd0
9: /x $rsp = 0x7fffffffdcd0
10: $eflags = [ PF IF ]
11: /x $r8 = 0x4032c7
12: /x $r9 = 0xd
13: /x $r10 = 0x1
14: /x $r11 = 0x7fffffffdcc8
15: /x $r12 = 0x604761
16: /x $r13 = 0x18
17: /x $r14 = 0x3
18: /x $r15 = 0x7fffffffdce8
0x7fffffffdcc8:	0xffffdd00	0x00007fff	0x004032c7	0x00000000
0x7fffffffdcd8:	0x00000001	0x00000000	0x00000003	0x00000000
0x7fffffffdce8:	0x00000002	0x00000000	0x006045b1	0x00000000
0x7fffffffdcf8:	0x00604761	0x00000000	0xffffdd08	0x00007fff
0x7fffffffdd08:	0xf7a2d830	0x00007fff	0x00000000	0x00000000
0x7fffffffdd18:	0xffffdde8	0x00007fff	0xf7ffcca0	0x00000001
0x7fffffffdd28:	0x00400684	0x00000000	0x00000000	0x00000000
0x7fffffffdd38:	0xa5d8a4e5	0xbdea0e0a	0x004004c0	0x00000000
0x0000000000401f75 in copyArgs101 ()
1: x/i $pc
=> 0x401f75 <copyArgs101+6>:	and    $0xf,%rdx
2: /x $rax = 0x2
3: /x $rbx = 0x7fffffffdd00
4: /x $rcx = 0x9
5: /x $rdx = 0x1be40000701a
6: /x $rdi = 0x0
7: /x $rsi = 0x6055a0
8: /x $rbp = 0x7fffffffdcd0
9: /x $rsp = 0x7fffffffdcd0
10: $eflags = [ PF IF ]
11: /x $r8 = 0x4032c7
12: /x $r9 = 0xd
13: /x $r10 = 0x1
14: /x $r11 = 0x7fffffffdcc8
15: /x $r12 = 0x604761
16: /x $r13 = 0x18
17: /x $r14 = 0x3
18: /x $r15 = 0x7fffffffdce8
0x7fffffffdcc8:	0xffffdd00	0x00007fff	0x004032c7	0x00000000
0x7fffffffdcd8:	0x00000001	0x00000000	0x00000003	0x00000000
0x7fffffffdce8:	0x00000002	0x00000000	0x006045b1	0x00000000
0x7fffffffdcf8:	0x00604761	0x00000000	0xffffdd08	0x00007fff
0x7fffffffdd08:	0xf7a2d830	0x00007fff	0x00000000	0x00000000
0x7fffffffdd18:	0xffffdde8	0x00007fff	0xf7ffcca0	0x00000001
0x7fffffffdd28:	0x00400684	0x00000000	0x00000000	0x00000000
0x7fffffffdd38:	0xa5d8a4e5	0xbdea0e0a	0x004004c0	0x00000000
0x0000000000401f79 in copyArgs101 ()
1: x/i $pc
=> 0x401f79 <copyArgs101+10>:	cmp    $0x2,%rdx
2: /x $rax = 0x2
3: /x $rbx = 0x7fffffffdd00
4: /x $rcx = 0x9
5: /x $rdx = 0xa
6: /x $rdi = 0x0
7: /x $rsi = 0x6055a0
8: /x $rbp = 0x7fffffffdcd0
9: /x $rsp = 0x7fffffffdcd0
10: $eflags = [ PF IF ]
11: /x $r8 = 0x4032c7
12: /x $r9 = 0xd
13: /x $r10 = 0x1
14: /x $r11 = 0x7fffffffdcc8
15: /x $r12 = 0x604761
16: /x $r13 = 0x18
17: /x $r14 = 0x3
18: /x $r15 = 0x7fffffffdce8
0x7fffffffdcc8:	0xffffdd00	0x00007fff	0x004032c7	0x00000000
0x7fffffffdcd8:	0x00000001	0x00000000	0x00000003	0x00000000
0x7fffffffdce8:	0x00000002	0x00000000	0x006045b1	0x00000000
0x7fffffffdcf8:	0x00604761	0x00000000	0xffffdd08	0x00007fff
0x7fffffffdd08:	0xf7a2d830	0x00007fff	0x00000000	0x00000000
0x7fffffffdd18:	0xffffdde8	0x00007fff	0xf7ffcca0	0x00000001
0x7fffffffdd28:	0x00400684	0x00000000	0x00000000	0x00000000
0x7fffffffdd38:	0xa5d8a4e5	0xbdea0e0a	0x004004c0	0x00000000
0x0000000000401f7d in copyArgs101 ()
1: x/i $pc
=> 0x401f7d <copyArgs101+14>:	je     0x401fb1 <doneCopyArgs101>
2: /x $rax = 0x2
3: /x $rbx = 0x7fffffffdd00
4: /x $rcx = 0x9
5: /x $rdx = 0xa
6: /x $rdi = 0x0
7: /x $rsi = 0x6055a0
8: /x $rbp = 0x7fffffffdcd0
9: /x $rsp = 0x7fffffffdcd0
10: $eflags = [ IF ]
11: /x $r8 = 0x4032c7
12: /x $r9 = 0xd
13: /x $r10 = 0x1
14: /x $r11 = 0x7fffffffdcc8
15: /x $r12 = 0x604761
16: /x $r13 = 0x18
17: /x $r14 = 0x3
18: /x $r15 = 0x7fffffffdce8
0x7fffffffdcc8:	0xffffdd00	0x00007fff	0x004032c7	0x00000000
0x7fffffffdcd8:	0x00000001	0x00000000	0x00000003	0x00000000
0x7fffffffdce8:	0x00000002	0x00000000	0x006045b1	0x00000000
0x7fffffffdcf8:	0x00604761	0x00000000	0xffffdd08	0x00007fff
0x7fffffffdd08:	0xf7a2d830	0x00007fff	0x00000000	0x00000000
0x7fffffffdd18:	0xffffdde8	0x00007fff	0xf7ffcca0	0x00000001
0x7fffffffdd28:	0x00400684	0x00000000	0x00000000	0x00000000
0x7fffffffdd38:	0xa5d8a4e5	0xbdea0e0a	0x004004c0	0x00000000
0x0000000000401f7f in copyArgs101 ()
1: x/i $pc
=> 0x401f7f <copyArgs101+16>:	mov    %r12,%rdx
2: /x $rax = 0x2
3: /x $rbx = 0x7fffffffdd00
4: /x $rcx = 0x9
5: /x $rdx = 0xa
6: /x $rdi = 0x0
7: /x $rsi = 0x6055a0
8: /x $rbp = 0x7fffffffdcd0
9: /x $rsp = 0x7fffffffdcd0
10: $eflags = [ IF ]
11: /x $r8 = 0x4032c7
12: /x $r9 = 0xd
13: /x $r10 = 0x1
14: /x $r11 = 0x7fffffffdcc8
15: /x $r12 = 0x604761
16: /x $r13 = 0x18
17: /x $r14 = 0x3
18: /x $r15 = 0x7fffffffdce8
0x7fffffffdcc8:	0xffffdd00	0x00007fff	0x004032c7	0x00000000
0x7fffffffdcd8:	0x00000001	0x00000000	0x00000003	0x00000000
0x7fffffffdce8:	0x00000002	0x00000000	0x006045b1	0x00000000
0x7fffffffdcf8:	0x00604761	0x00000000	0xffffdd08	0x00007fff
0x7fffffffdd08:	0xf7a2d830	0x00007fff	0x00000000	0x00000000
0x7fffffffdd18:	0xffffdde8	0x00007fff	0xf7ffcca0	0x00000001
0x7fffffffdd28:	0x00400684	0x00000000	0x00000000	0x00000000
0x7fffffffdd38:	0xa5d8a4e5	0xbdea0e0a	0x004004c0	0x00000000
0x0000000000401f82 in copyArgs101 ()
1: x/i $pc
=> 0x401f82 <copyArgs101+19>:	mov    (%rdx),%rdx
2: /x $rax = 0x2
3: /x $rbx = 0x7fffffffdd00
4: /x $rcx = 0x9
5: /x $rdx = 0x604761
6: /x $rdi = 0x0
7: /x $rsi = 0x6055a0
8: /x $rbp = 0x7fffffffdcd0
9: /x $rsp = 0x7fffffffdcd0
10: $eflags = [ IF ]
11: /x $r8 = 0x4032c7
12: /x $r9 = 0xd
13: /x $r10 = 0x1
14: /x $r11 = 0x7fffffffdcc8
15: /x $r12 = 0x604761
16: /x $r13 = 0x18
17: /x $r14 = 0x3
18: /x $r15 = 0x7fffffffdce8
0x7fffffffdcc8:	0xffffdd00	0x00007fff	0x004032c7	0x00000000
0x7fffffffdcd8:	0x00000001	0x00000000	0x00000003	0x00000000
0x7fffffffdce8:	0x00000002	0x00000000	0x006045b1	0x00000000
0x7fffffffdcf8:	0x00604761	0x00000000	0xffffdd08	0x00007fff
0x7fffffffdd08:	0xf7a2d830	0x00007fff	0x00000000	0x00000000
0x7fffffffdd18:	0xffffdde8	0x00007fff	0xf7ffcca0	0x00000001
0x7fffffffdd28:	0x00400684	0x00000000	0x00000000	0x00000000
0x7fffffffdd38:	0xa5d8a4e5	0xbdea0e0a	0x004004c0	0x00000000
0x0000000000401f85 in copyArgs101 ()
1: x/i $pc
=> 0x401f85 <copyArgs101+22>:	sar    $0x22,%rdx
2: /x $rax = 0x2
3: /x $rbx = 0x7fffffffdd00
4: /x $rcx = 0x9
5: /x $rdx = 0x1be40000701a
6: /x $rdi = 0x0
7: /x $rsi = 0x6055a0
8: /x $rbp = 0x7fffffffdcd0
9: /x $rsp = 0x7fffffffdcd0
10: $eflags = [ IF ]
11: /x $r8 = 0x4032c7
12: /x $r9 = 0xd
13: /x $r10 = 0x1
14: /x $r11 = 0x7fffffffdcc8
15: /x $r12 = 0x604761
16: /x $r13 = 0x18
17: /x $r14 = 0x3
18: /x $r15 = 0x7fffffffdce8
0x7fffffffdcc8:	0xffffdd00	0x00007fff	0x004032c7	0x00000000
0x7fffffffdcd8:	0x00000001	0x00000000	0x00000003	0x00000000
0x7fffffffdce8:	0x00000002	0x00000000	0x006045b1	0x00000000
0x7fffffffdcf8:	0x00604761	0x00000000	0xffffdd08	0x00007fff
0x7fffffffdd08:	0xf7a2d830	0x00007fff	0x00000000	0x00000000
0x7fffffffdd18:	0xffffdde8	0x00007fff	0xf7ffcca0	0x00000001
0x7fffffffdd28:	0x00400684	0x00000000	0x00000000	0x00000000
0x7fffffffdd38:	0xa5d8a4e5	0xbdea0e0a	0x004004c0	0x00000000
0x0000000000401f89 in copyArgs101 ()
1: x/i $pc
=> 0x401f89 <copyArgs101+26>:	add    $0x604040,%rdx
2: /x $rax = 0x2
3: /x $rbx = 0x7fffffffdd00
4: /x $rcx = 0x9
5: /x $rdx = 0x6f9
6: /x $rdi = 0x0
7: /x $rsi = 0x6055a0
8: /x $rbp = 0x7fffffffdcd0
9: /x $rsp = 0x7fffffffdcd0
10: $eflags = [ PF IF ]
11: /x $r8 = 0x4032c7
12: /x $r9 = 0xd
13: /x $r10 = 0x1
14: /x $r11 = 0x7fffffffdcc8
15: /x $r12 = 0x604761
16: /x $r13 = 0x18
17: /x $r14 = 0x3
18: /x $r15 = 0x7fffffffdce8
0x0000000000401f90 in copyArgs101 ()
1: x/i $pc
=> 0x401f90 <copyArgs101+33>:	mov    %rdx,(%r15)
2: /x $rax = 0x2
3: /x $rbx = 0x7fffffffdd00
4: /x $rcx = 0x9
5: /x $rdx = 0x604739
6: /x $rdi = 0x0
7: /x $rsi = 0x6055a0
8: /x $rbp = 0x7fffffffdcd0
9: /x $rsp = 0x7fffffffdcd0
10: $eflags = [ PF IF ]
11: /x $r8 = 0x4032c7
12: /x $r9 = 0xd
13: /x $r10 = 0x1
14: /x $r11 = 0x7fffffffdcc8
15: /x $r12 = 0x604761
16: /x $r13 = 0x18
17: /x $r14 = 0x3
18: /x $r15 = 0x7fffffffdce8
0x7fffffffdcc8:	0xffffdd00	0x00007fff	0x004032c7	0x00000000
0x7fffffffdcd8:	0x00000001	0x00000000	0x00000003	0x00000000
0x7fffffffdce8:	0x00000002	0x00000000	0x006045b1	0x00000000
0x7fffffffdcf8:	0x00604761	0x00000000	0xffffdd08	0x00007fff
0x7fffffffdd08:	0xf7a2d830	0x00007fff	0x00000000	0x00000000
0x7fffffffdd18:	0xffffdde8	0x00007fff	0xf7ffcca0	0x00000001
0x7fffffffdd28:	0x00400684	0x00000000	0x00000000	0x00000000
0x7fffffffdd38:	0xa5d8a4e5	0xbdea0e0a	0x004004c0	0x00000000
0x604739:	0x00000013	0x00000000	0x0000711a	0x00001c24
0x604749:	0x00000023	0x00000000	0x00006f1a	0x00001c64
0x604759:	0x00000033	0x00000000	0x0000701a	0x00001be4
0x604769:	0x00000000	0x00000000	0x00000000	0x00000000
0x0000000000401f93 in copyArgs101 ()
1: x/i $pc
=> 0x401f93 <copyArgs101+36>:	add    $0x8,%r15
2: /x $rax = 0x2
3: /x $rbx = 0x7fffffffdd00
4: /x $rcx = 0x9
5: /x $rdx = 0x604739
6: /x $rdi = 0x0
7: /x $rsi = 0x6055a0
8: /x $rbp = 0x7fffffffdcd0
9: /x $rsp = 0x7fffffffdcd0
10: $eflags = [ PF IF ]
11: /x $r8 = 0x4032c7
12: /x $r9 = 0xd
13: /x $r10 = 0x1
14: /x $r11 = 0x7fffffffdcc8
15: /x $r12 = 0x604761
16: /x $r13 = 0x18
17: /x $r14 = 0x3
18: /x $r15 = 0x7fffffffdce8
0x7fffffffdcc8:	0xffffdd00	0x00007fff	0x004032c7	0x00000000
0x7fffffffdcd8:	0x00000001	0x00000000	0x00000003	0x00000000
0x7fffffffdce8:	0x00604739	0x00000000	0x006045b1	0x00000000
0x7fffffffdcf8:	0x00604761	0x00000000	0xffffdd08	0x00007fff
0x7fffffffdd08:	0xf7a2d830	0x00007fff	0x00000000	0x00000000
0x7fffffffdd18:	0xffffdde8	0x00007fff	0xf7ffcca0	0x00000001
0x7fffffffdd28:	0x00400684	0x00000000	0x00000000	0x00000000
0x7fffffffdd38:	0xa5d8a4e5	0xbdea0e0a	0x004004c0	0x00000000
0x0000000000401f97 in copyArgs101 ()
1: x/i $pc
=> 0x401f97 <copyArgs101+40>:	mov    %r12,%rdx
2: /x $rax = 0x2
3: /x $rbx = 0x7fffffffdd00
4: /x $rcx = 0x9
5: /x $rdx = 0x604739
6: /x $rdi = 0x0
7: /x $rsi = 0x6055a0
8: /x $rbp = 0x7fffffffdcd0
9: /x $rsp = 0x7fffffffdcd0
10: $eflags = [ PF AF IF ]
11: /x $r8 = 0x4032c7
12: /x $r9 = 0xd
13: /x $r10 = 0x1
14: /x $r11 = 0x7fffffffdcc8
15: /x $r12 = 0x604761
16: /x $r13 = 0x18
17: /x $r14 = 0x3
18: /x $r15 = 0x7fffffffdcf0
0x7fffffffdcc8:	0xffffdd00	0x00007fff	0x004032c7	0x00000000
0x7fffffffdcd8:	0x00000001	0x00000000	0x00000003	0x00000000
0x7fffffffdce8:	0x00604739	0x00000000	0x006045b1	0x00000000
0x7fffffffdcf8:	0x00604761	0x00000000	0xffffdd08	0x00007fff
0x7fffffffdd08:	0xf7a2d830	0x00007fff	0x00000000	0x00000000
0x7fffffffdd18:	0xffffdde8	0x00007fff	0xf7ffcca0	0x00000001
0x7fffffffdd28:	0x00400684	0x00000000	0x00000000	0x00000000
0x7fffffffdd38:	0xa5d8a4e5	0xbdea0e0a	0x004004c0	0x00000000
